<?xml version="1.0" encoding="UTF-8" standalone="yes"?><!DOCTYPE report PUBLIC "-//JACOCO//DTD Report 1.1//EN" "report.dtd"><report name="310 Project"><sessioninfo id="usc-guestwireless-upc-newsc9909.usc.edu-55c72ec3" start="1678325781761" dump="1678325782584"/><sessioninfo id="yunsohucBookPro.lan-f01c75df" start="1678349292805" dump="1678349293243"/><sessioninfo id="yunsohucBookPro.lan-8a7c0a20" start="1678352065633" dump="1678352066077"/><sessioninfo id="yunsohucBookPro.lan-98f1cb6b" start="1678358509793" dump="1678358510237"/><sessioninfo id="yunsohucBookPro.lan-44ad4c15" start="1678361241939" dump="1678361242452"/><sessioninfo id="yunsohucBookPro.lan-c08ad5d" start="1678361289100" dump="1678361289600"/><sessioninfo id="yunsohucBookPro.lan-8aa9753e" start="1678389069292" dump="1678389073598"/><sessioninfo id="yunsohucBookPro.lan-e0563c2" start="1678390892461" dump="1678390893069"/><sessioninfo id="yunsohucBookPro.lan-58f83623" start="1678390935754" dump="1678390936145"/><sessioninfo id="yunsohucBookPro.lan-f273c32a" start="1678393493409" dump="1678393493927"/><sessioninfo id="yunsohucBookPro.lan-f28b8fb9" start="1678393537523" dump="1678393538026"/><sessioninfo id="yunsohucBookPro.lan-3d5c0c70" start="1678393577273" dump="1678393577730"/><sessioninfo id="yunsohucBookPro.lan-5e0e90b3" start="1678393662349" dump="1678393662832"/><sessioninfo id="yunsohucBookPro.lan-7908c299" start="1678393764398" dump="1678393764906"/><sessioninfo id="yunsohucBookPro.lan-7be762d1" start="1678394588917" dump="1678394589422"/><sessioninfo id="yunsohucBookPro.lan-dd6673ba" start="1678395350640" dump="1678395351109"/><sessioninfo id="yunsohucBookPro.lan-b77d2b4b" start="1678395895634" dump="1678395896064"/><sessioninfo id="yunsohucBookPro.lan-b29c3d00" start="1678400740092" dump="1678400740608"/><sessioninfo id="yunsohucBookPro.lan-25c9602b" start="1678400743251" dump="1678400749710"/><sessioninfo id="yunsohucBookPro.lan-129332fe" start="1678400840514" dump="1678400840989"/><sessioninfo id="yunsohucBookPro.lan-85cf4ff4" start="1678400843377" dump="1678400847015"/><sessioninfo id="yunsohucBookPro.lan-b49c373" start="1678400908719" dump="1678400909166"/><sessioninfo id="yunsohucBookPro.lan-29b66db4" start="1678400911500" dump="1678400915229"/><sessioninfo id="yunsohucBookPro.lan-31f4c1c8" start="1678401010255" dump="1678401010785"/><sessioninfo id="yunsohucBookPro.lan-d0ed54ad" start="1678401013160" dump="1678401022821"/><sessioninfo id="yunsohucBookPro.lan-3a4f8cf9" start="1678401434502" dump="1678401435056"/><sessioninfo id="yunsohucBookPro.lan-e4e8f7ba" start="1678401437494" dump="1678401438467"/><sessioninfo id="yunsohucBookPro.lan-67e33e4" start="1678401487029" dump="1678401487571"/><sessioninfo id="yunsohucBookPro.lan-3b1c629f" start="1678401489893" dump="1678401497854"/><sessioninfo id="yunsohucBookPro.lan-c62a1279" start="1678401609937" dump="1678401610491"/><sessioninfo id="yunsohucBookPro.lan-19398e3d" start="1678401612907" dump="1678401620877"/><sessioninfo id="yunsohucBookPro.lan-94afa3e" start="1678401716734" dump="1678401717260"/><sessioninfo id="yunsohucBookPro.lan-3cd88004" start="1678401719644" dump="1678401727570"/><sessioninfo id="yunsohucBookPro.lan-8c237556" start="1678402356751" dump="1678402357256"/><sessioninfo id="yunsohucBookPro.lan-863dc6a4" start="1678402359645" dump="1678402367589"/><sessioninfo id="yunsohucBookPro.lan-f3220b40" start="1678402638075" dump="1678402638593"/><sessioninfo id="yunsohucBookPro.lan-dff4ff31" start="1678402641018" dump="1678402648985"/><sessioninfo id="yunsohucBookPro.lan-b7f71fda" start="1678403232086" dump="1678403232527"/><sessioninfo id="yunsohucBookPro.lan-85bbadf6" start="1678403234916" dump="1678403243110"/><sessioninfo id="yunsohuiui-MacBookPro.local-49aa5621" start="1679510263150" dump="1679510264393"/><sessioninfo id="yunsohuiui-MacBookPro.local-d4f4e2a8" start="1679510409466" dump="1679510410192"/><sessioninfo id="yunsohuiui-MacBookPro.local-f803ae64" start="1679510414956" dump="1679510422984"/><sessioninfo id="yunsohuiui-MacBookPro.local-bbb02775" start="1679510923681" dump="1679510924407"/><sessioninfo id="yunsohuiui-MacBookPro.local-7a76d4e9" start="1679510929235" dump="1679510935268"/><sessioninfo id="yunsohuiui-MacBookPro.local-7b84f199" start="1679510976007" dump="1679510976827"/><sessioninfo id="yunsohuiui-MacBookPro.local-4d7154d8" start="1679511090707" dump="1679511091312"/><sessioninfo id="yunsohuiui-MacBookPro.local-b47c4588" start="1679511095831" dump="1679511103872"/><sessioninfo id="yunsohuiui-MacBookPro.local-6c567b9b" start="1679511179446" dump="1679511180178"/><sessioninfo id="yunsohuiui-MacBookPro.local-2a97dd16" start="1679511184724" dump="1679511190859"/><sessioninfo id="yunsohucBookPro.lan-442b8b74" start="1679600438524" dump="1679600438964"/><sessioninfo id="yunsohucBookPro.lan-d04b53a0" start="1679600442292" dump="1679600447437"/><sessioninfo id="yunsohucBookPro.lan-f03fbc4" start="1679600578659" dump="1679600579140"/><sessioninfo id="yunsohucBookPro.lan-fcf62063" start="1679600581881" dump="1679600585375"/><sessioninfo id="yunsohucBookPro.lan-72461a7a" start="1679600770055" dump="1679600770502"/><sessioninfo id="yunsohucBookPro.lan-b8c0b105" start="1679600773547" dump="1679600776796"/><sessioninfo id="yunsohucBookPro.lan-fcbe070" start="1679600851473" dump="1679600851911"/><sessioninfo id="yunsohucBookPro.lan-cb9d6bb5" start="1679600854810" dump="1679600857809"/><sessioninfo id="yunsohucBookPro.lan-f56c7bea" start="1679600918488" dump="1679600918985"/><sessioninfo id="yunsohucBookPro.lan-8fac533a" start="1679600921848" dump="1679600943539"/><sessioninfo id="yunsohucBookPro.lan-aa535f38" start="1679601347598" dump="1679601348034"/><sessioninfo id="yunsohucBookPro.lan-5722c59d" start="1679601351077" dump="1679601372666"/><sessioninfo id="yunsohucBookPro.lan-3fc9d657" start="1679700677611" dump="1679700678023"/><sessioninfo id="yunsohucBookPro.lan-efa8a045" start="1679700771644" dump="1679700772055"/><sessioninfo id="yunsohucBookPro.lan-16e828c8" start="1679700837694" dump="1679700838136"/><sessioninfo id="yunsohucBookPro.lan-582bb851" start="1679700841682" dump="1679700864050"/><sessioninfo id="yunsohucBookPro.lan-aa7973a9" start="1679752040250" dump="1679752041030"/><sessioninfo id="yunsohucBookPro.lan-90d1faf5" start="1679752414087" dump="1679752414825"/><sessioninfo id="yunsohucBookPro.lan-72bb6712" start="1679752467363" dump="1679752468067"/><sessioninfo id="yunsohucBookPro.lan-b1ae6bf7" start="1679752473715" dump="1679752506821"/><sessioninfo id="yunsohucBookPro.lan-7b49d553" start="1679753627791" dump="1679753628720"/><sessioninfo id="yunsohucBookPro.lan-162bce7a" start="1679759113471" dump="1679759114460"/><sessioninfo id="yunsohucBookPro.lan-235076d5" start="1679759121024" dump="1679759156312"/><sessioninfo id="yunsohucBookPro.lan-5d070587" start="1679759984595" dump="1679759985552"/><sessioninfo id="yunsohucBookPro.lan-bda8e599" start="1679759991551" dump="1679760029080"/><sessioninfo id="yunsohucBookPro.lan-e0b54fd8" start="1679760275820" dump="1679760276487"/><sessioninfo id="yunsohucBookPro.lan-ca8a24d7" start="1679760282718" dump="1679760285417"/><sessioninfo id="yunsohucBookPro.lan-f038c69e" start="1679817880592" dump="1679817881152"/><sessioninfo id="yunsohucBookPro.lan-e14fba9" start="1679817884755" dump="1679817916445"/><sessioninfo id="yunsohucBookPro.lan-569dd53b" start="1679817935823" dump="1679817936312"/><sessioninfo id="yunsohucBookPro.lan-9a0a7376" start="1679817939955" dump="1679817940600"/><sessioninfo id="yunsohucBookPro.lan-ed892410" start="1680097364741" dump="1680097365220"/><sessioninfo id="yunsohucBookPro.lan-b8e96677" start="1680097369314" dump="1680097405595"/><sessioninfo id="usc-guestwireless-upc-newsc7258.usc.edu-21402caa" start="1680914470862" dump="1680914473361"/><sessioninfo id="yunsohucBookPro.lan-1db733a3" start="1681494916698" dump="1681494922727"/><sessioninfo id="yunsohucBookPro.lan-53d5cbf" start="1681494954158" dump="1681494960407"/><sessioninfo id="yunsohucBookPro.lan-1ce532d9" start="1681494965236" dump="1681494978021"/><sessioninfo id="yunsohucBookPro.lan-a664aeca" start="1681495064434" dump="1681495070788"/><sessioninfo id="yunsohucBookPro.lan-223d234b" start="1681495076214" dump="1681495089168"/><sessioninfo id="yunsohucBookPro.lan-bfa3a414" start="1681495301182" dump="1681495308075"/><sessioninfo id="yunsohucBookPro.lan-5160077b" start="1681495313603" dump="1681495326681"/><sessioninfo id="yunsohucBookPro.lan-21e0d7ed" start="1681495494591" dump="1681495501944"/><sessioninfo id="yunsohucBookPro.lan-b640a1cc" start="1681495508757" dump="1681495522850"/><sessioninfo id="yunsohucBookPro.lan-bec4cdf0" start="1681495574364" dump="1681495580538"/><sessioninfo id="yunsohucBookPro.lan-56340d85" start="1681495586017" dump="1681495589752"/><sessioninfo id="yunsohucBookPro.lan-f8f142db" start="1681495617082" dump="1681495624098"/><sessioninfo id="yunsohucBookPro.lan-c1157c8e" start="1681867133896" dump="1681867138631"/><sessioninfo id="yunsohucBookPro.lan-4484bb82" start="1681925943111" dump="1681925947615"/><sessioninfo id="yunsohucBookPro.lan-ecf6812e" start="1681925952367" dump="1681925961117"/><sessioninfo id="yunsohucBookPro.lan-5e333403" start="1681926122781" dump="1681926127868"/><sessioninfo id="yunsohucBookPro.lan-414096c5" start="1681926132154" dump="1681926141958"/><sessioninfo id="yunsohuiui-MacBookPro.local-e9814f81" start="1682383386064" dump="1682383388422"/><sessioninfo id="usc-guestwireless-upc-newsc3636.usc.edu-b7ba61dd" start="1682480868955" dump="1682480878263"/><sessioninfo id="usc-guestwireless-upc-newsc3636.usc.edu-8c7bd977" start="1682480952387" dump="1682480962918"/><sessioninfo id="usc-guestwireless-upc-newsc3636.usc.edu-a64ffcc0" start="1682481059267" dump="1682481068769"/><sessioninfo id="usc-guestwireless-upc-newsc3636.usc.edu-59ae6856" start="1682481286021" dump="1682481295521"/><sessioninfo id="yunsohucBookPro.lan-42476755" start="1682503729878" dump="1682503739495"/><sessioninfo id="yunsohucBookPro.lan-5c9fc229" start="1682503748966" dump="1682503765404"/><sessioninfo id="yunsohucBookPro.lan-5260053e" start="1682503856639" dump="1682503866026"/><sessioninfo id="yunsohucBookPro.lan-93d92397" start="1682503875678" dump="1682503891711"/><sessioninfo id="yunsohucBookPro.lan-88afefb2" start="1682504097044" dump="1682504106319"/><sessioninfo id="yunsohucBookPro.lan-f3e1629a" start="1682504115892" dump="1682504130831"/><sessioninfo id="yunsohucBookPro.lan-a22d6452" start="1682504193951" dump="1682504203171"/><sessioninfo id="yunsohucBookPro.lan-dce22f0c" start="1682504212369" dump="1682504227854"/><sessioninfo id="yunsohucBookPro.lan-ac587ddf" start="1682504302436" dump="1682504311733"/><sessioninfo id="yunsohucBookPro.lan-cb5f651f" start="1682504321178" dump="1682504337365"/><sessioninfo id="yunsohucBookPro.lan-8c2a115d" start="1682504983631" dump="1682504993061"/><sessioninfo id="yunsohucBookPro.lan-d81a701b" start="1682506822223" dump="1682506832112"/><sessioninfo id="yunsohucBookPro.lan-dbad1c3" start="1682506920489" dump="1682506931111"/><sessioninfo id="yunsohucBookPro.lan-274fa41c" start="1682506941065" dump="1682506957358"/><sessioninfo id="yunsohucBookPro.lan-f70d23" start="1682507411983" dump="1682507421863"/><sessioninfo id="yunsohucBookPro.lan-6f479390" start="1682533517257" dump="1682533522377"/><sessioninfo id="yunsohucBookPro.lan-8e3790d7" start="1682536999138" dump="1682537004431"/><sessioninfo id="yunsohucBookPro.lan-4b16dc80" start="1682537358358" dump="1682537363802"/><sessioninfo id="yunsohucBookPro.lan-29a3e7e3" start="1682537409470" dump="1682537414675"/><sessioninfo id="yunsohucBookPro.lan-c85944a5" start="1682537421563" dump="1682537430132"/><sessioninfo id="yunsohucBookPro.lan-8753b13" start="1682537836629" dump="1682537841578"/><sessioninfo id="yunsohucBookPro.lan-decd1e01" start="1682632864380" dump="1682632869549"/><sessioninfo id="yunsohucBookPro.lan-34095d78" start="1682632876710" dump="1682632884969"/><sessioninfo id="yunsohucBookPro.lan-5f5c50ab" start="1682633229191" dump="1682633234704"/><sessioninfo id="usc-guestwireless-upc-newsc13894.usc.edu-48e0d6be" start="1682638894397" dump="1682638904035"/><sessioninfo id="usc-guestwireless-upc-newsc13894.usc.edu-f9ba156d" start="1682639005000" dump="1682639014772"/><sessioninfo id="usc-guestwireless-upc-newsc13894.usc.edu-72e360e2" start="1682639098540" dump="1682639108530"/><sessioninfo id="usc-guestwireless-upc-newsc13894.usc.edu-e3214663" start="1682652586175" dump="1682652595990"/><sessioninfo id="usc-guestwireless-upc-newsc13894.usc.edu-8d51585d" start="1682652675721" dump="1682652684889"/><sessioninfo id="usc-guestwireless-upc-newsc13894.usc.edu-aefe0b40" start="1682652734426" dump="1682652744043"/><package name="edu/usc/csci310/project"><class name="edu/usc/csci310/project/SpringBootAPI" sourcefilename="SpringBootAPI.java"><method name="&lt;init&gt;" desc="()V" line="19"><counter type="INSTRUCTION" missed="0" covered="3"/><counter type="LINE" missed="0" covered="1"/><counter type="COMPLEXITY" missed="0" covered="1"/><counter type="METHOD" missed="0" covered="1"/></method><method name="main" desc="([Ljava/lang/String;)V" line="22"><counter type="INSTRUCTION" missed="0" covered="5"/><counter type="LINE" missed="0" covered="2"/><counter type="COMPLEXITY" missed="0" covered="1"/><counter type="METHOD" missed="0" covered="1"/></method><method name="redirect" desc="()Ljava/lang/String;" line="28"><counter type="INSTRUCTION" missed="0" covered="2"/><counter type="LINE" missed="0" covered="1"/><counter type="COMPLEXITY" missed="0" covered="1"/><counter type="METHOD" missed="0" covered="1"/></method><method name="passwordEncoder" desc="()Lorg/springframework/security/crypto/password/PasswordEncoder;" line="33"><counter type="INSTRUCTION" missed="0" covered="4"/><counter type="LINE" missed="0" covered="1"/><counter type="COMPLEXITY" missed="0" covered="1"/><counter type="METHOD" missed="0" covered="1"/></method><counter type="INSTRUCTION" missed="0" covered="14"/><counter type="LINE" missed="0" covered="5"/><counter type="COMPLEXITY" missed="0" covered="4"/><counter type="METHOD" missed="0" covered="4"/><counter type="CLASS" missed="0" covered="1"/></class><sourcefile name="SpringBootAPI.java"><line nr="19" mi="0" ci="3" mb="0" cb="0"/><line nr="22" mi="0" ci="4" mb="0" cb="0"/><line nr="23" mi="0" ci="1" mb="0" cb="0"/><line nr="28" mi="0" ci="2" mb="0" cb="0"/><line nr="33" mi="0" ci="4" mb="0" cb="0"/><counter type="INSTRUCTION" missed="0" covered="14"/><counter type="LINE" missed="0" covered="5"/><counter type="COMPLEXITY" missed="0" covered="4"/><counter type="METHOD" missed="0" covered="4"/><counter type="CLASS" missed="0" covered="1"/></sourcefile><counter type="INSTRUCTION" missed="0" covered="14"/><counter type="LINE" missed="0" covered="5"/><counter type="COMPLEXITY" missed="0" covered="4"/><counter type="METHOD" missed="0" covered="4"/><counter type="CLASS" missed="0" covered="1"/></package><package name="edu/usc/csci310/project/com/backend"><class name="edu/usc/csci310/project/com/backend/MovieListService" sourcefilename="MovieListService.java"><method name="&lt;init&gt;" desc="()V" line="7"><counter type="INSTRUCTION" missed="0" covered="3"/><counter type="LINE" missed="0" covered="1"/><counter type="COMPLEXITY" missed="0" covered="1"/><counter type="METHOD" missed="0" covered="1"/></method><counter type="INSTRUCTION" missed="0" covered="3"/><counter type="LINE" missed="0" covered="1"/><counter type="COMPLEXITY" missed="0" covered="1"/><counter type="METHOD" missed="0" covered="1"/><counter type="CLASS" missed="0" covered="1"/></class><class name="edu/usc/csci310/project/com/backend/MovieListEntity" sourcefilename="MovieListEntity.java"><method name="addMovie" desc="(Ledu/usc/csci310/project/com/backend/MovieDetailEntity;)V" line="38"><counter type="INSTRUCTION" missed="0" covered="6"/><counter type="LINE" missed="0" covered="2"/><counter type="COMPLEXITY" missed="0" covered="1"/><counter type="METHOD" missed="0" covered="1"/></method><method name="deleteMovie" desc="(Ledu/usc/csci310/project/com/backend/MovieDetailEntity;)V" line="42"><counter type="INSTRUCTION" missed="0" covered="6"/><counter type="LINE" missed="0" covered="2"/><counter type="COMPLEXITY" missed="0" covered="1"/><counter type="METHOD" missed="0" covered="1"/></method><method name="getMovie" desc="()Ljava/util/Set;" line="46"><counter type="INSTRUCTION" missed="0" covered="3"/><counter type="LINE" missed="0" covered="1"/><counter type="COMPLEXITY" missed="0" covered="1"/><counter type="METHOD" missed="0" covered="1"/></method><method name="setMovie" desc="(Ljava/util/Set;)V" line="50"><counter type="INSTRUCTION" missed="0" covered="4"/><counter type="LINE" missed="0" covered="2"/><counter type="COMPLEXITY" missed="0" covered="1"/><counter type="METHOD" missed="0" covered="1"/></method><method name="&lt;init&gt;" desc="()V" line="28"><counter type="INSTRUCTION" missed="0" covered="8"/><counter type="LINE" missed="0" covered="3"/><counter type="COMPLEXITY" missed="0" covered="1"/><counter type="METHOD" missed="0" covered="1"/></method><method name="getListId" desc="()I" line="58"><counter type="INSTRUCTION" missed="0" covered="3"/><counter type="LINE" missed="0" covered="1"/><counter type="COMPLEXITY" missed="0" covered="1"/><counter type="METHOD" missed="0" covered="1"/></method><method name="setListId" desc="(I)I" line="63"><counter type="INSTRUCTION" missed="0" covered="5"/><counter type="LINE" missed="0" covered="1"/><counter type="COMPLEXITY" missed="0" covered="1"/><counter type="METHOD" missed="0" covered="1"/></method><method name="getListName" desc="()Ljava/lang/String;" line="68"><counter type="INSTRUCTION" missed="0" covered="3"/><counter type="LINE" missed="0" covered="1"/><counter type="COMPLEXITY" missed="0" covered="1"/><counter type="METHOD" missed="0" covered="1"/></method><method name="setListName" desc="(Ljava/lang/String;)V" line="73"><counter type="INSTRUCTION" missed="0" covered="4"/><counter type="LINE" missed="0" covered="2"/><counter type="COMPLEXITY" missed="0" covered="1"/><counter type="METHOD" missed="0" covered="1"/></method><method name="getIsPublic" desc="()Z" line="78"><counter type="INSTRUCTION" missed="0" covered="3"/><counter type="LINE" missed="0" covered="1"/><counter type="COMPLEXITY" missed="0" covered="1"/><counter type="METHOD" missed="0" covered="1"/></method><method name="setIsPublic" desc="(Z)V" line="83"><counter type="INSTRUCTION" missed="0" covered="4"/><counter type="LINE" missed="0" covered="2"/><counter type="COMPLEXITY" missed="0" covered="1"/><counter type="METHOD" missed="0" covered="1"/></method><method name="setUser" desc="(Ledu/usc/csci310/project/com/backend/UserEntity;)V" line="87"><counter type="INSTRUCTION" missed="0" covered="4"/><counter type="LINE" missed="0" covered="2"/><counter type="COMPLEXITY" missed="0" covered="1"/><counter type="METHOD" missed="0" covered="1"/></method><counter type="INSTRUCTION" missed="0" covered="53"/><counter type="LINE" missed="0" covered="20"/><counter type="COMPLEXITY" missed="0" covered="12"/><counter type="METHOD" missed="0" covered="12"/><counter type="CLASS" missed="0" covered="1"/></class><class name="edu/usc/csci310/project/com/backend/UserRepository" sourcefilename="UserRepository.java"/><class name="edu/usc/csci310/project/com/backend/BackendController" sourcefilename="BackendController.java"><method name="&lt;init&gt;" desc="()V" line="13"><counter type="INSTRUCTION" missed="0" covered="3"/><counter type="LINE" missed="0" covered="1"/><counter type="COMPLEXITY" missed="0" covered="1"/><counter type="METHOD" missed="0" covered="1"/></method><method name="addExistingMovie" desc="(II)Lorg/springframework/http/ResponseEntity;" line="25"><counter type="INSTRUCTION" missed="0" covered="28"/><counter type="LINE" missed="0" covered="5"/><counter type="COMPLEXITY" missed="0" covered="1"/><counter type="METHOD" missed="0" covered="1"/></method><method name="addList" desc="(ILedu/usc/csci310/project/com/backend/MovieListEntity;)Lorg/springframework/http/ResponseEntity;" line="34"><counter type="INSTRUCTION" missed="0" covered="75"/><counter type="BRANCH" missed="0" covered="6"/><counter type="LINE" missed="0" covered="16"/><counter type="COMPLEXITY" missed="0" covered="4"/><counter type="METHOD" missed="0" covered="1"/></method><method name="addMovie" desc="(IILedu/usc/csci310/project/com/backend/MovieDetailEntity;)Lorg/springframework/http/ResponseEntity;" line="61"><counter type="INSTRUCTION" missed="0" covered="155"/><counter type="BRANCH" missed="0" covered="10"/><counter type="LINE" missed="0" covered="32"/><counter type="COMPLEXITY" missed="0" covered="6"/><counter type="METHOD" missed="0" covered="1"/></method><method name="compareLists" desc="(IIILedu/usc/csci310/project/com/backend/MovieListEntity;)Lorg/springframework/http/ResponseEntity;" line="103"><counter type="INSTRUCTION" missed="0" covered="129"/><counter type="BRANCH" missed="0" covered="12"/><counter type="LINE" missed="0" covered="25"/><counter type="COMPLEXITY" missed="0" covered="7"/><counter type="METHOD" missed="0" covered="1"/></method><method name="getUsers" desc="()Lorg/springframework/http/ResponseEntity;" line="136"><counter type="INSTRUCTION" missed="0" covered="10"/><counter type="LINE" missed="0" covered="2"/><counter type="COMPLEXITY" missed="0" covered="1"/><counter type="METHOD" missed="0" covered="1"/></method><method name="getLists" desc="(I)Lorg/springframework/http/ResponseEntity;" line="142"><counter type="INSTRUCTION" missed="0" covered="23"/><counter type="BRANCH" missed="0" covered="2"/><counter type="LINE" missed="0" covered="4"/><counter type="COMPLEXITY" missed="0" covered="2"/><counter type="METHOD" missed="0" covered="1"/></method><method name="getSingleMovie" desc="(I)Lorg/springframework/http/ResponseEntity;" line="151"><counter type="INSTRUCTION" missed="0" covered="24"/><counter type="BRANCH" missed="0" covered="2"/><counter type="LINE" missed="0" covered="4"/><counter type="COMPLEXITY" missed="0" covered="2"/><counter type="METHOD" missed="0" covered="1"/></method><method name="getMovies" desc="(III)Lorg/springframework/http/ResponseEntity;" line="160"><counter type="INSTRUCTION" missed="0" covered="70"/><counter type="BRANCH" missed="0" covered="10"/><counter type="LINE" missed="0" covered="13"/><counter type="COMPLEXITY" missed="0" covered="6"/><counter type="METHOD" missed="0" covered="1"/></method><method name="getMovies" desc="(II)Lorg/springframework/http/ResponseEntity;" line="181"><counter type="INSTRUCTION" missed="0" covered="37"/><counter type="BRANCH" missed="0" covered="4"/><counter type="LINE" missed="0" covered="6"/><counter type="COMPLEXITY" missed="0" covered="3"/><counter type="METHOD" missed="0" covered="1"/></method><method name="changeListName" desc="(IILjava/lang/String;)Lorg/springframework/http/ResponseEntity;" line="194"><counter type="INSTRUCTION" missed="0" covered="45"/><counter type="BRANCH" missed="0" covered="4"/><counter type="LINE" missed="0" covered="8"/><counter type="COMPLEXITY" missed="0" covered="3"/><counter type="METHOD" missed="0" covered="1"/></method><method name="removeList" desc="(II)Lorg/springframework/http/ResponseEntity;" line="208"><counter type="INSTRUCTION" missed="0" covered="32"/><counter type="BRANCH" missed="0" covered="4"/><counter type="LINE" missed="0" covered="6"/><counter type="COMPLEXITY" missed="0" covered="3"/><counter type="METHOD" missed="0" covered="1"/></method><method name="removeMovie" desc="(III)Lorg/springframework/http/ResponseEntity;" line="220"><counter type="INSTRUCTION" missed="0" covered="83"/><counter type="BRANCH" missed="0" covered="10"/><counter type="LINE" missed="0" covered="16"/><counter type="COMPLEXITY" missed="0" covered="6"/><counter type="METHOD" missed="0" covered="1"/></method><counter type="INSTRUCTION" missed="0" covered="714"/><counter type="BRANCH" missed="0" covered="64"/><counter type="LINE" missed="0" covered="138"/><counter type="COMPLEXITY" missed="0" covered="45"/><counter type="METHOD" missed="0" covered="13"/><counter type="CLASS" missed="0" covered="1"/></class><class name="edu/usc/csci310/project/com/backend/MovieDetailEntity" sourcefilename="MovieDetailEntity.java"><method name="&lt;init&gt;" desc="()V" line="47"><counter type="INSTRUCTION" missed="0" covered="8"/><counter type="LINE" missed="0" covered="3"/><counter type="COMPLEXITY" missed="0" covered="1"/><counter type="METHOD" missed="0" covered="1"/></method><method name="GetTutorialId" desc="()I" line="61"><counter type="INSTRUCTION" missed="0" covered="3"/><counter type="LINE" missed="0" covered="1"/><counter type="COMPLEXITY" missed="0" covered="1"/><counter type="METHOD" missed="0" covered="1"/></method><method name="setTutorialId" desc="(I)V" line="66"><counter type="INSTRUCTION" missed="0" covered="4"/><counter type="LINE" missed="0" covered="2"/><counter type="COMPLEXITY" missed="0" covered="1"/><counter type="METHOD" missed="0" covered="1"/></method><method name="getPicture" desc="()Ljava/lang/String;" line="71"><counter type="INSTRUCTION" missed="0" covered="3"/><counter type="LINE" missed="0" covered="1"/><counter type="COMPLEXITY" missed="0" covered="1"/><counter type="METHOD" missed="0" covered="1"/></method><method name="setPicture" desc="(Ljava/lang/String;)V" line="76"><counter type="INSTRUCTION" missed="0" covered="4"/><counter type="LINE" missed="0" covered="2"/><counter type="COMPLEXITY" missed="0" covered="1"/><counter type="METHOD" missed="0" covered="1"/></method><method name="getTitle" desc="()Ljava/lang/String;" line="81"><counter type="INSTRUCTION" missed="0" covered="3"/><counter type="LINE" missed="0" covered="1"/><counter type="COMPLEXITY" missed="0" covered="1"/><counter type="METHOD" missed="0" covered="1"/></method><method name="setTitle" desc="(Ljava/lang/String;)V" line="86"><counter type="INSTRUCTION" missed="0" covered="4"/><counter type="LINE" missed="0" covered="2"/><counter type="COMPLEXITY" missed="0" covered="1"/><counter type="METHOD" missed="0" covered="1"/></method><method name="getPlot" desc="()Ljava/lang/String;" line="91"><counter type="INSTRUCTION" missed="0" covered="3"/><counter type="LINE" missed="0" covered="1"/><counter type="COMPLEXITY" missed="0" covered="1"/><counter type="METHOD" missed="0" covered="1"/></method><method name="setPlot" desc="(Ljava/lang/String;)V" line="96"><counter type="INSTRUCTION" missed="0" covered="4"/><counter type="LINE" missed="0" covered="2"/><counter type="COMPLEXITY" missed="0" covered="1"/><counter type="METHOD" missed="0" covered="1"/></method><method name="getGenre" desc="()Ljava/lang/String;" line="101"><counter type="INSTRUCTION" missed="0" covered="3"/><counter type="LINE" missed="0" covered="1"/><counter type="COMPLEXITY" missed="0" covered="1"/><counter type="METHOD" missed="0" covered="1"/></method><method name="setGenre" desc="(Ljava/lang/String;)V" line="106"><counter type="INSTRUCTION" missed="0" covered="4"/><counter type="LINE" missed="0" covered="2"/><counter type="COMPLEXITY" missed="0" covered="1"/><counter type="METHOD" missed="0" covered="1"/></method><method name="getStudio" desc="()Ljava/lang/String;" line="111"><counter type="INSTRUCTION" missed="0" covered="3"/><counter type="LINE" missed="0" covered="1"/><counter type="COMPLEXITY" missed="0" covered="1"/><counter type="METHOD" missed="0" covered="1"/></method><method name="setStudio" desc="(Ljava/lang/String;)V" line="116"><counter type="INSTRUCTION" missed="0" covered="4"/><counter type="LINE" missed="0" covered="2"/><counter type="COMPLEXITY" missed="0" covered="1"/><counter type="METHOD" missed="0" covered="1"/></method><method name="getActors" desc="()Ljava/lang/String;" line="121"><counter type="INSTRUCTION" missed="0" covered="3"/><counter type="LINE" missed="0" covered="1"/><counter type="COMPLEXITY" missed="0" covered="1"/><counter type="METHOD" missed="0" covered="1"/></method><method name="setActors" desc="(Ljava/lang/String;)V" line="126"><counter type="INSTRUCTION" missed="0" covered="4"/><counter type="LINE" missed="0" covered="2"/><counter type="COMPLEXITY" missed="0" covered="1"/><counter type="METHOD" missed="0" covered="1"/></method><method name="getDirectors" desc="()Ljava/lang/String;" line="130"><counter type="INSTRUCTION" missed="0" covered="3"/><counter type="LINE" missed="0" covered="1"/><counter type="COMPLEXITY" missed="0" covered="1"/><counter type="METHOD" missed="0" covered="1"/></method><method name="setDirectors" desc="(Ljava/lang/String;)V" line="135"><counter type="INSTRUCTION" missed="0" covered="4"/><counter type="LINE" missed="0" covered="2"/><counter type="COMPLEXITY" missed="0" covered="1"/><counter type="METHOD" missed="0" covered="1"/></method><method name="getMovieDbId" desc="()J" line="140"><counter type="INSTRUCTION" missed="0" covered="3"/><counter type="LINE" missed="0" covered="1"/><counter type="COMPLEXITY" missed="0" covered="1"/><counter type="METHOD" missed="0" covered="1"/></method><method name="setMovieDbId" desc="(J)V" line="145"><counter type="INSTRUCTION" missed="0" covered="4"/><counter type="LINE" missed="0" covered="2"/><counter type="COMPLEXITY" missed="0" covered="1"/><counter type="METHOD" missed="0" covered="1"/></method><method name="getDirector" desc="()Ljava/lang/String;" line="150"><counter type="INSTRUCTION" missed="0" covered="3"/><counter type="LINE" missed="0" covered="1"/><counter type="COMPLEXITY" missed="0" covered="1"/><counter type="METHOD" missed="0" covered="1"/></method><method name="setDirector" desc="(Ljava/lang/String;)V" line="155"><counter type="INSTRUCTION" missed="0" covered="4"/><counter type="LINE" missed="0" covered="2"/><counter type="COMPLEXITY" missed="0" covered="1"/><counter type="METHOD" missed="0" covered="1"/></method><method name="GetMoviesLists" desc="()Ljava/util/Set;" line="159"><counter type="INSTRUCTION" missed="0" covered="3"/><counter type="LINE" missed="0" covered="1"/><counter type="COMPLEXITY" missed="0" covered="1"/><counter type="METHOD" missed="0" covered="1"/></method><method name="addMovies" desc="(Ledu/usc/csci310/project/com/backend/MovieListEntity;)V" line="163"><counter type="INSTRUCTION" missed="0" covered="6"/><counter type="LINE" missed="0" covered="2"/><counter type="COMPLEXITY" missed="0" covered="1"/><counter type="METHOD" missed="0" covered="1"/></method><counter type="INSTRUCTION" missed="0" covered="87"/><counter type="LINE" missed="0" covered="36"/><counter type="COMPLEXITY" missed="0" covered="23"/><counter type="METHOD" missed="0" covered="23"/><counter type="CLASS" missed="0" covered="1"/></class><class name="edu/usc/csci310/project/com/backend/MovieDetailRepository" sourcefilename="MovieDetailRepository.java"/><class name="edu/usc/csci310/project/com/backend/UserService" sourcefilename="UserService.java"><method name="&lt;init&gt;" desc="()V" line="8"><counter type="INSTRUCTION" missed="0" covered="3"/><counter type="LINE" missed="0" covered="1"/><counter type="COMPLEXITY" missed="0" covered="1"/><counter type="METHOD" missed="0" covered="1"/></method><method name="saveOrUpdate" desc="(Ledu/usc/csci310/project/com/backend/UserEntity;)Ledu/usc/csci310/project/com/backend/UserEntity;" line="18"><counter type="INSTRUCTION" missed="0" covered="13"/><counter type="LINE" missed="0" covered="2"/><counter type="COMPLEXITY" missed="0" covered="1"/><counter type="METHOD" missed="0" covered="1"/></method><method name="attemptLogin" desc="(Ljava/lang/String;Ljava/lang/String;)Ledu/usc/csci310/project/com/backend/UserEntity;" line="23"><counter type="INSTRUCTION" missed="0" covered="18"/><counter type="BRANCH" missed="0" covered="4"/><counter type="LINE" missed="0" covered="4"/><counter type="COMPLEXITY" missed="0" covered="3"/><counter type="METHOD" missed="0" covered="1"/></method><method name="getByEmail" desc="(Ljava/lang/String;)Ledu/usc/csci310/project/com/backend/UserEntity;" line="31"><counter type="INSTRUCTION" missed="0" covered="5"/><counter type="LINE" missed="0" covered="1"/><counter type="COMPLEXITY" missed="0" covered="1"/><counter type="METHOD" missed="0" covered="1"/></method><counter type="INSTRUCTION" missed="0" covered="39"/><counter type="BRANCH" missed="0" covered="4"/><counter type="LINE" missed="0" covered="8"/><counter type="COMPLEXITY" missed="0" covered="6"/><counter type="METHOD" missed="0" covered="4"/><counter type="CLASS" missed="0" covered="1"/></class><class name="edu/usc/csci310/project/com/backend/UserEntity" sourcefilename="UserEntity.java"><method name="&lt;init&gt;" desc="()V" line="12"><counter type="INSTRUCTION" missed="0" covered="8"/><counter type="LINE" missed="0" covered="2"/><counter type="COMPLEXITY" missed="0" covered="1"/><counter type="METHOD" missed="0" covered="1"/></method><method name="getId" desc="()I" line="31"><counter type="INSTRUCTION" missed="0" covered="3"/><counter type="LINE" missed="0" covered="1"/><counter type="COMPLEXITY" missed="0" covered="1"/><counter type="METHOD" missed="0" covered="1"/></method><method name="setId" desc="(I)V" line="35"><counter type="INSTRUCTION" missed="0" covered="4"/><counter type="LINE" missed="0" covered="2"/><counter type="COMPLEXITY" missed="0" covered="1"/><counter type="METHOD" missed="0" covered="1"/></method><method name="getPassword" desc="()Ljava/lang/String;" line="39"><counter type="INSTRUCTION" missed="0" covered="3"/><counter type="LINE" missed="0" covered="1"/><counter type="COMPLEXITY" missed="0" covered="1"/><counter type="METHOD" missed="0" covered="1"/></method><method name="setPassword" desc="(Ljava/lang/String;)V" line="43"><counter type="INSTRUCTION" missed="0" covered="4"/><counter type="LINE" missed="0" covered="2"/><counter type="COMPLEXITY" missed="0" covered="1"/><counter type="METHOD" missed="0" covered="1"/></method><method name="getEmail" desc="()Ljava/lang/String;" line="47"><counter type="INSTRUCTION" missed="0" covered="3"/><counter type="LINE" missed="0" covered="1"/><counter type="COMPLEXITY" missed="0" covered="1"/><counter type="METHOD" missed="0" covered="1"/></method><method name="setEmail" desc="(Ljava/lang/String;)V" line="51"><counter type="INSTRUCTION" missed="0" covered="4"/><counter type="LINE" missed="0" covered="2"/><counter type="COMPLEXITY" missed="0" covered="1"/><counter type="METHOD" missed="0" covered="1"/></method><method name="getLists" desc="()Ljava/util/Set;" line="55"><counter type="INSTRUCTION" missed="0" covered="3"/><counter type="LINE" missed="0" covered="1"/><counter type="COMPLEXITY" missed="0" covered="1"/><counter type="METHOD" missed="0" covered="1"/></method><method name="addMovieList" desc="(Ledu/usc/csci310/project/com/backend/MovieListEntity;)V" line="59"><counter type="INSTRUCTION" missed="0" covered="6"/><counter type="LINE" missed="0" covered="2"/><counter type="COMPLEXITY" missed="0" covered="1"/><counter type="METHOD" missed="0" covered="1"/></method><counter type="INSTRUCTION" missed="0" covered="38"/><counter type="LINE" missed="0" covered="14"/><counter type="COMPLEXITY" missed="0" covered="9"/><counter type="METHOD" missed="0" covered="9"/><counter type="CLASS" missed="0" covered="1"/></class><class name="edu/usc/csci310/project/com/backend/MovieDetailService" sourcefilename="MovieDetailService.java"><method name="&lt;init&gt;" desc="()V" line="7"><counter type="INSTRUCTION" missed="0" covered="3"/><counter type="LINE" missed="0" covered="1"/><counter type="COMPLEXITY" missed="0" covered="1"/><counter type="METHOD" missed="0" covered="1"/></method><counter type="INSTRUCTION" missed="0" covered="3"/><counter type="LINE" missed="0" covered="1"/><counter type="COMPLEXITY" missed="0" covered="1"/><counter type="METHOD" missed="0" covered="1"/><counter type="CLASS" missed="0" covered="1"/></class><class name="edu/usc/csci310/project/com/backend/MovieListRepository" sourcefilename="MovieListRepository.java"/><class name="edu/usc/csci310/project/com/backend/UserController" sourcefilename="UserController.java"><method name="&lt;init&gt;" desc="()V" line="18"><counter type="INSTRUCTION" missed="0" covered="3"/><counter type="LINE" missed="0" covered="1"/><counter type="COMPLEXITY" missed="0" covered="1"/><counter type="METHOD" missed="0" covered="1"/></method><method name="checkUserExist" desc="(Ljava/lang/String;Ljava/lang/String;)Lorg/springframework/http/ResponseEntity;" line="28"><counter type="INSTRUCTION" missed="0" covered="21"/><counter type="BRANCH" missed="0" covered="2"/><counter type="LINE" missed="0" covered="4"/><counter type="COMPLEXITY" missed="0" covered="2"/><counter type="METHOD" missed="0" covered="1"/></method><method name="saveUser" desc="(Ledu/usc/csci310/project/com/backend/UserEntity;)Lorg/springframework/http/ResponseEntity;" line="38"><counter type="INSTRUCTION" missed="0" covered="29"/><counter type="BRANCH" missed="0" covered="2"/><counter type="LINE" missed="0" covered="5"/><counter type="COMPLEXITY" missed="0" covered="2"/><counter type="METHOD" missed="0" covered="1"/></method><counter type="INSTRUCTION" missed="0" covered="53"/><counter type="BRANCH" missed="0" covered="4"/><counter type="LINE" missed="0" covered="10"/><counter type="COMPLEXITY" missed="0" covered="5"/><counter type="METHOD" missed="0" covered="3"/><counter type="CLASS" missed="0" covered="1"/></class><sourcefile name="MovieListEntity.java"><line nr="28" mi="0" ci="5" mb="0" cb="0"/><line nr="38" mi="0" ci="5" mb="0" cb="0"/><line nr="39" mi="0" ci="1" mb="0" cb="0"/><line nr="42" mi="0" ci="5" mb="0" cb="0"/><line nr="43" mi="0" ci="1" mb="0" cb="0"/><line nr="46" mi="0" ci="3" mb="0" cb="0"/><line nr="50" mi="0" ci="3" mb="0" cb="0"/><line nr="51" mi="0" ci="1" mb="0" cb="0"/><line nr="53" mi="0" ci="2" mb="0" cb="0"/><line nr="55" mi="0" ci="1" mb="0" cb="0"/><line nr="58" mi="0" ci="3" mb="0" cb="0"/><line nr="63" mi="0" ci="5" mb="0" cb="0"/><line nr="68" mi="0" ci="3" mb="0" cb="0"/><line nr="73" mi="0" ci="3" mb="0" cb="0"/><line nr="74" mi="0" ci="1" mb="0" cb="0"/><line nr="78" mi="0" ci="3" mb="0" cb="0"/><line nr="83" mi="0" ci="3" mb="0" cb="0"/><line nr="84" mi="0" ci="1" mb="0" cb="0"/><line nr="87" mi="0" ci="3" mb="0" cb="0"/><line nr="88" mi="0" ci="1" mb="0" cb="0"/><counter type="INSTRUCTION" missed="0" covered="53"/><counter type="LINE" missed="0" covered="20"/><counter type="COMPLEXITY" missed="0" covered="12"/><counter type="METHOD" missed="0" covered="12"/><counter type="CLASS" missed="0" covered="1"/></sourcefile><sourcefile name="BackendController.java"><line nr="13" mi="0" ci="3" mb="0" cb="0"/><line nr="25" mi="0" ci="6" mb="0" cb="0"/><line nr="26" mi="0" ci="8" mb="0" cb="0"/><line nr="27" mi="0" ci="3" mb="0" cb="0"/><line nr="28" mi="0" ci="5" mb="0" cb="0"/><line nr="29" mi="0" ci="6" mb="0" cb="0"/><line nr="34" mi="0" ci="6" mb="0" cb="2"/><line nr="35" mi="0" ci="5" mb="0" cb="0"/><line nr="41" mi="0" ci="5" mb="0" cb="0"/><line nr="42" mi="0" ci="3" mb="0" cb="0"/><line nr="43" mi="0" ci="10" mb="0" cb="2"/><line nr="44" mi="0" ci="6" mb="0" cb="2"/><line nr="45" mi="0" ci="5" mb="0" cb="0"/><line nr="47" mi="0" ci="1" mb="0" cb="0"/><line nr="48" mi="0" ci="4" mb="0" cb="0"/><line nr="49" mi="0" ci="4" mb="0" cb="0"/><line nr="50" mi="0" ci="3" mb="0" cb="0"/><line nr="51" mi="0" ci="4" mb="0" cb="0"/><line nr="52" mi="0" ci="5" mb="0" cb="0"/><line nr="53" mi="0" ci="3" mb="0" cb="0"/><line nr="54" mi="0" ci="5" mb="0" cb="0"/><line nr="55" mi="0" ci="6" mb="0" cb="0"/><line nr="61" mi="0" ci="6" mb="0" cb="2"/><line nr="62" mi="0" ci="5" mb="0" cb="0"/><line nr="64" mi="0" ci="6" mb="0" cb="2"/><line nr="65" mi="0" ci="5" mb="0" cb="0"/><line nr="67" mi="0" ci="6" mb="0" cb="2"/><line nr="68" mi="0" ci="8" mb="0" cb="0"/><line nr="69" mi="0" ci="4" mb="0" cb="0"/><line nr="70" mi="0" ci="4" mb="0" cb="0"/><line nr="71" mi="0" ci="4" mb="0" cb="0"/><line nr="72" mi="0" ci="4" mb="0" cb="0"/><line nr="73" mi="0" ci="4" mb="0" cb="0"/><line nr="74" mi="0" ci="4" mb="0" cb="0"/><line nr="75" mi="0" ci="4" mb="0" cb="0"/><line nr="76" mi="0" ci="4" mb="0" cb="0"/><line nr="77" mi="0" ci="4" mb="0" cb="0"/><line nr="78" mi="0" ci="3" mb="0" cb="0"/><line nr="79" mi="0" ci="5" mb="0" cb="0"/><line nr="80" mi="0" ci="3" mb="0" cb="0"/><line nr="81" mi="0" ci="5" mb="0" cb="0"/><line nr="82" mi="0" ci="6" mb="0" cb="0"/><line nr="85" mi="0" ci="8" mb="0" cb="0"/><line nr="86" mi="0" ci="3" mb="0" cb="0"/><line nr="87" mi="0" ci="10" mb="0" cb="2"/><line nr="88" mi="0" ci="6" mb="0" cb="2"/><line nr="89" mi="0" ci="5" mb="0" cb="0"/><line nr="91" mi="0" ci="1" mb="0" cb="0"/><line nr="92" mi="0" ci="6" mb="0" cb="0"/><line nr="93" mi="0" ci="3" mb="0" cb="0"/><line nr="94" mi="0" ci="5" mb="0" cb="0"/><line nr="95" mi="0" ci="3" mb="0" cb="0"/><line nr="96" mi="0" ci="5" mb="0" cb="0"/><line nr="97" mi="0" ci="6" mb="0" cb="0"/><line nr="103" mi="0" ci="6" mb="0" cb="2"/><line nr="104" mi="0" ci="5" mb="0" cb="0"/><line nr="106" mi="0" ci="6" mb="0" cb="2"/><line nr="107" mi="0" ci="5" mb="0" cb="0"/><line nr="109" mi="0" ci="6" mb="0" cb="2"/><line nr="110" mi="0" ci="5" mb="0" cb="0"/><line nr="112" mi="0" ci="9" mb="0" cb="0"/><line nr="113" mi="0" ci="9" mb="0" cb="0"/><line nr="114" mi="0" ci="4" mb="0" cb="0"/><line nr="115" mi="0" ci="10" mb="0" cb="2"/><line nr="116" mi="0" ci="10" mb="0" cb="2"/><line nr="117" mi="0" ci="6" mb="0" cb="2"/><line nr="118" mi="0" ci="4" mb="0" cb="0"/><line nr="120" mi="0" ci="1" mb="0" cb="0"/><line nr="121" mi="0" ci="1" mb="0" cb="0"/><line nr="122" mi="0" ci="4" mb="0" cb="0"/><line nr="123" mi="0" ci="5" mb="0" cb="0"/><line nr="124" mi="0" ci="3" mb="0" cb="0"/><line nr="125" mi="0" ci="4" mb="0" cb="0"/><line nr="126" mi="0" ci="4" mb="0" cb="0"/><line nr="127" mi="0" ci="3" mb="0" cb="0"/><line nr="128" mi="0" ci="5" mb="0" cb="0"/><line nr="129" mi="0" ci="3" mb="0" cb="0"/><line nr="130" mi="0" ci="5" mb="0" cb="0"/><line nr="131" mi="0" ci="6" mb="0" cb="0"/><line nr="136" mi="0" ci="4" mb="0" cb="0"/><line nr="137" mi="0" ci="6" mb="0" cb="0"/><line nr="142" mi="0" ci="6" mb="0" cb="2"/><line nr="143" mi="0" ci="5" mb="0" cb="0"/><line nr="145" mi="0" ci="5" mb="0" cb="0"/><line nr="146" mi="0" ci="7" mb="0" cb="0"/><line nr="151" mi="0" ci="6" mb="0" cb="2"/><line nr="152" mi="0" ci="5" mb="0" cb="0"/><line nr="154" mi="0" ci="6" mb="0" cb="0"/><line nr="155" mi="0" ci="7" mb="0" cb="0"/><line nr="160" mi="0" ci="6" mb="0" cb="2"/><line nr="161" mi="0" ci="5" mb="0" cb="0"/><line nr="163" mi="0" ci="6" mb="0" cb="2"/><line nr="164" mi="0" ci="5" mb="0" cb="0"/><line nr="166" mi="0" ci="6" mb="0" cb="2"/><line nr="167" mi="0" ci="5" mb="0" cb="0"/><line nr="169" mi="0" ci="8" mb="0" cb="0"/><line nr="170" mi="0" ci="3" mb="0" cb="0"/><line nr="171" mi="0" ci="10" mb="0" cb="2"/><line nr="172" mi="0" ci="4" mb="0" cb="2"/><line nr="173" mi="0" ci="6" mb="0" cb="0"/><line nr="175" mi="0" ci="1" mb="0" cb="0"/><line nr="176" mi="0" ci="5" mb="0" cb="0"/><line nr="181" mi="0" ci="6" mb="0" cb="2"/><line nr="182" mi="0" ci="5" mb="0" cb="0"/><line nr="184" mi="0" ci="6" mb="0" cb="2"/><line nr="185" mi="0" ci="5" mb="0" cb="0"/><line nr="187" mi="0" ci="8" mb="0" cb="0"/><line nr="188" mi="0" ci="7" mb="0" cb="0"/><line nr="194" mi="0" ci="6" mb="0" cb="2"/><line nr="195" mi="0" ci="5" mb="0" cb="0"/><line nr="197" mi="0" ci="6" mb="0" cb="2"/><line nr="198" mi="0" ci="5" mb="0" cb="0"/><line nr="200" mi="0" ci="8" mb="0" cb="0"/><line nr="201" mi="0" ci="3" mb="0" cb="0"/><line nr="202" mi="0" ci="5" mb="0" cb="0"/><line nr="203" mi="0" ci="7" mb="0" cb="0"/><line nr="208" mi="0" ci="6" mb="0" cb="2"/><line nr="209" mi="0" ci="5" mb="0" cb="0"/><line nr="211" mi="0" ci="6" mb="0" cb="2"/><line nr="212" mi="0" ci="5" mb="0" cb="0"/><line nr="214" mi="0" ci="5" mb="0" cb="0"/><line nr="215" mi="0" ci="5" mb="0" cb="0"/><line nr="220" mi="0" ci="6" mb="0" cb="2"/><line nr="221" mi="0" ci="5" mb="0" cb="0"/><line nr="223" mi="0" ci="6" mb="0" cb="2"/><line nr="224" mi="0" ci="5" mb="0" cb="0"/><line nr="226" mi="0" ci="6" mb="0" cb="2"/><line nr="227" mi="0" ci="5" mb="0" cb="0"/><line nr="229" mi="0" ci="8" mb="0" cb="0"/><line nr="230" mi="0" ci="3" mb="0" cb="0"/><line nr="231" mi="0" ci="4" mb="0" cb="0"/><line nr="232" mi="0" ci="10" mb="0" cb="2"/><line nr="233" mi="0" ci="6" mb="0" cb="2"/><line nr="234" mi="0" ci="4" mb="0" cb="0"/><line nr="236" mi="0" ci="1" mb="0" cb="0"/><line nr="237" mi="0" ci="3" mb="0" cb="0"/><line nr="238" mi="0" ci="5" mb="0" cb="0"/><line nr="239" mi="0" ci="6" mb="0" cb="0"/><counter type="INSTRUCTION" missed="0" covered="714"/><counter type="BRANCH" missed="0" covered="64"/><counter type="LINE" missed="0" covered="138"/><counter type="COMPLEXITY" missed="0" covered="45"/><counter type="METHOD" missed="0" covered="13"/><counter type="CLASS" missed="0" covered="1"/></sourcefile><sourcefile name="UserRepository.java"/><sourcefile name="MovieListService.java"><line nr="7" mi="0" ci="3" mb="0" cb="0"/><counter type="INSTRUCTION" missed="0" covered="3"/><counter type="LINE" missed="0" covered="1"/><counter type="COMPLEXITY" missed="0" covered="1"/><counter type="METHOD" missed="0" covered="1"/><counter type="CLASS" missed="0" covered="1"/></sourcefile><sourcefile name="MovieDetailEntity.java"><line nr="47" mi="0" ci="5" mb="0" cb="0"/><line nr="56" mi="0" ci="2" mb="0" cb="0"/><line nr="58" mi="0" ci="1" mb="0" cb="0"/><line nr="61" mi="0" ci="3" mb="0" cb="0"/><line nr="66" mi="0" ci="3" mb="0" cb="0"/><line nr="67" mi="0" ci="1" mb="0" cb="0"/><line nr="71" mi="0" ci="3" mb="0" cb="0"/><line nr="76" mi="0" ci="3" mb="0" cb="0"/><line nr="77" mi="0" ci="1" mb="0" cb="0"/><line nr="81" mi="0" ci="3" mb="0" cb="0"/><line nr="86" mi="0" ci="3" mb="0" cb="0"/><line nr="87" mi="0" ci="1" mb="0" cb="0"/><line nr="91" mi="0" ci="3" mb="0" cb="0"/><line nr="96" mi="0" ci="3" mb="0" cb="0"/><line nr="97" mi="0" ci="1" mb="0" cb="0"/><line nr="101" mi="0" ci="3" mb="0" cb="0"/><line nr="106" mi="0" ci="3" mb="0" cb="0"/><line nr="107" mi="0" ci="1" mb="0" cb="0"/><line nr="111" mi="0" ci="3" mb="0" cb="0"/><line nr="116" mi="0" ci="3" mb="0" cb="0"/><line nr="117" mi="0" ci="1" mb="0" cb="0"/><line nr="121" mi="0" ci="3" mb="0" cb="0"/><line nr="126" mi="0" ci="3" mb="0" cb="0"/><line nr="127" mi="0" ci="1" mb="0" cb="0"/><line nr="130" mi="0" ci="3" mb="0" cb="0"/><line nr="135" mi="0" ci="3" mb="0" cb="0"/><line nr="136" mi="0" ci="1" mb="0" cb="0"/><line nr="140" mi="0" ci="3" mb="0" cb="0"/><line nr="145" mi="0" ci="3" mb="0" cb="0"/><line nr="146" mi="0" ci="1" mb="0" cb="0"/><line nr="150" mi="0" ci="3" mb="0" cb="0"/><line nr="155" mi="0" ci="3" mb="0" cb="0"/><line nr="156" mi="0" ci="1" mb="0" cb="0"/><line nr="159" mi="0" ci="3" mb="0" cb="0"/><line nr="163" mi="0" ci="5" mb="0" cb="0"/><line nr="164" mi="0" ci="1" mb="0" cb="0"/><counter type="INSTRUCTION" missed="0" covered="87"/><counter type="LINE" missed="0" covered="36"/><counter type="COMPLEXITY" missed="0" covered="23"/><counter type="METHOD" missed="0" covered="23"/><counter type="CLASS" missed="0" covered="1"/></sourcefile><sourcefile name="UserController.java"><line nr="18" mi="0" ci="3" mb="0" cb="0"/><line nr="28" mi="0" ci="6" mb="0" cb="0"/><line nr="30" mi="0" ci="2" mb="0" cb="2"/><line nr="31" mi="0" ci="5" mb="0" cb="0"/><line nr="33" mi="0" ci="8" mb="0" cb="0"/><line nr="38" mi="0" ci="6" mb="0" cb="0"/><line nr="40" mi="0" ci="2" mb="0" cb="2"/><line nr="41" mi="0" ci="8" mb="0" cb="0"/><line nr="43" mi="0" ci="5" mb="0" cb="0"/><line nr="44" mi="0" ci="8" mb="0" cb="0"/><counter type="INSTRUCTION" missed="0" covered="53"/><counter type="BRANCH" missed="0" covered="4"/><counter type="LINE" missed="0" covered="10"/><counter type="COMPLEXITY" missed="0" covered="5"/><counter type="METHOD" missed="0" covered="3"/><counter type="CLASS" missed="0" covered="1"/></sourcefile><sourcefile name="MovieDetailService.java"><line nr="7" mi="0" ci="3" mb="0" cb="0"/><counter type="INSTRUCTION" missed="0" covered="3"/><counter type="LINE" missed="0" covered="1"/><counter type="COMPLEXITY" missed="0" covered="1"/><counter type="METHOD" missed="0" covered="1"/><counter type="CLASS" missed="0" covered="1"/></sourcefile><sourcefile name="MovieListRepository.java"/><sourcefile name="UserEntity.java"><line nr="12" mi="0" ci="2" mb="0" cb="0"/><line nr="26" mi="0" ci="6" mb="0" cb="0"/><line nr="31" mi="0" ci="3" mb="0" cb="0"/><line nr="35" mi="0" ci="3" mb="0" cb="0"/><line nr="36" mi="0" ci="1" mb="0" cb="0"/><line nr="39" mi="0" ci="3" mb="0" cb="0"/><line nr="43" mi="0" ci="3" mb="0" cb="0"/><line nr="44" mi="0" ci="1" mb="0" cb="0"/><line nr="47" mi="0" ci="3" mb="0" cb="0"/><line nr="51" mi="0" ci="3" mb="0" cb="0"/><line nr="52" mi="0" ci="1" mb="0" cb="0"/><line nr="55" mi="0" ci="3" mb="0" cb="0"/><line nr="59" mi="0" ci="5" mb="0" cb="0"/><line nr="60" mi="0" ci="1" mb="0" cb="0"/><counter type="INSTRUCTION" missed="0" covered="38"/><counter type="LINE" missed="0" covered="14"/><counter type="COMPLEXITY" missed="0" covered="9"/><counter type="METHOD" missed="0" covered="9"/><counter type="CLASS" missed="0" covered="1"/></sourcefile><sourcefile name="UserService.java"><line nr="8" mi="0" ci="3" mb="0" cb="0"/><line nr="18" mi="0" ci="7" mb="0" cb="0"/><line nr="19" mi="0" ci="6" mb="0" cb="0"/><line nr="23" mi="0" ci="5" mb="0" cb="0"/><line nr="24" mi="0" ci="9" mb="0" cb="4"/><line nr="25" mi="0" ci="2" mb="0" cb="0"/><line nr="27" mi="0" ci="2" mb="0" cb="0"/><line nr="31" mi="0" ci="5" mb="0" cb="0"/><counter type="INSTRUCTION" missed="0" covered="39"/><counter type="BRANCH" missed="0" covered="4"/><counter type="LINE" missed="0" covered="8"/><counter type="COMPLEXITY" missed="0" covered="6"/><counter type="METHOD" missed="0" covered="4"/><counter type="CLASS" missed="0" covered="1"/></sourcefile><sourcefile name="MovieDetailRepository.java"/><counter type="INSTRUCTION" missed="0" covered="990"/><counter type="BRANCH" missed="0" covered="72"/><counter type="LINE" missed="0" covered="228"/><counter type="COMPLEXITY" missed="0" covered="102"/><counter type="METHOD" missed="0" covered="66"/><counter type="CLASS" missed="0" covered="8"/></package><counter type="INSTRUCTION" missed="0" covered="1004"/><counter type="BRANCH" missed="0" covered="72"/><counter type="LINE" missed="0" covered="233"/><counter type="COMPLEXITY" missed="0" covered="106"/><counter type="METHOD" missed="0" covered="70"/><counter type="CLASS" missed="0" covered="9"/></report>