<?xml version="1.0" encoding="UTF-8"?>
<testsuite xmlns:xsi="http://www.w3.org/2001/XMLSchema-instance" xsi:noNamespaceSchemaLocation="https://maven.apache.org/surefire/maven-surefire-plugin/xsd/surefire-test-report.xsd" name="CucumberIntegrationTest" time="5.912" tests="15" errors="15" skipped="0" failures="0">
  <properties>
[...]
</properties>
  <testcase name="testing out the various parts of the Details page - Display movie details" classname="edu.usc.csci310.project.CucumberIntegrationTest" time="0.521">
    <error message="Failed to load ApplicationContext for [WebMergedContextConfiguration@2a46b429 testClass = edu.usc.csci310.project.CucumberBootstrap, locations = [], classes = [edu.usc.csci310.project.SpringBootAPI], contextInitializerClasses = [], activeProfiles = [], propertySourceLocations = [], propertySourceProperties = [&quot;org.springframework.boot.test.context.SpringBootTestContextBootstrapper=true&quot;], contextCustomizers = [org.springframework.boot.test.context.filter.ExcludeFilterContextCustomizer@1a480135, org.springframework.boot.test.json.DuplicateJsonObjectContextCustomizerFactory$DuplicateJsonObjectContextCustomizer@6c1832aa, org.springframework.boot.test.mock.mockito.MockitoContextCustomizer@0, org.springframework.boot.test.web.client.TestRestTemplateContextCustomizer@3fbfbf84, org.springframework.boot.test.autoconfigure.actuate.observability.ObservabilityContextCustomizerFactory$DisableObservabilityContextCustomizer@9da1, org.springframework.boot.test.autoconfigure.properties.PropertyMappingContextCustomizer@0, org.springframework.boot.test.autoconfigure.web.servlet.WebDriverContextCustomizerFactory$Customizer@f446158, org.springframework.boot.test.context.SpringBootTestAnnotation@e0546028], resourceBasePath = &quot;src/main/webapp&quot;, contextLoader = org.springframework.boot.test.context.SpringBootContextLoader, parent = null]" type="java.lang.IllegalStateException">java.lang.IllegalStateException: Failed to load ApplicationContext for [WebMergedContextConfiguration@2a46b429 testClass = edu.usc.csci310.project.CucumberBootstrap, locations = [], classes = [edu.usc.csci310.project.SpringBootAPI], contextInitializerClasses = [], activeProfiles = [], propertySourceLocations = [], propertySourceProperties = ["org.springframework.boot.test.context.SpringBootTestContextBootstrapper=true"], contextCustomizers = [org.springframework.boot.test.context.filter.ExcludeFilterContextCustomizer@1a480135, org.springframework.boot.test.json.DuplicateJsonObjectContextCustomizerFactory$DuplicateJsonObjectContextCustomizer@6c1832aa, org.springframework.boot.test.mock.mockito.MockitoContextCustomizer@0, org.springframework.boot.test.web.client.TestRestTemplateContextCustomizer@3fbfbf84, org.springframework.boot.test.autoconfigure.actuate.observability.ObservabilityContextCustomizerFactory$DisableObservabilityContextCustomizer@9da1, org.springframework.boot.test.autoconfigure.properties.PropertyMappingContextCustomizer@0, org.springframework.boot.test.autoconfigure.web.servlet.WebDriverContextCustomizerFactory$Customizer@f446158, org.springframework.boot.test.context.SpringBootTestAnnotation@e0546028], resourceBasePath = "src/main/webapp", contextLoader = org.springframework.boot.test.context.SpringBootContextLoader, parent = null]
Caused by: org.springframework.context.ApplicationContextException: Failed to start bean 'webServerStartStop'
Caused by: org.springframework.boot.web.server.PortInUseException: Port 8080 is already in use
Caused by: java.lang.IllegalArgumentException: standardService.connector.startFailed
Caused by: org.apache.catalina.LifecycleException: Protocol handler start failed
Caused by: java.net.BindException: Address already in use
</error>
    <system-out><![CDATA[2023-04-27T20:32:43.429-07:00  INFO 81416 --- [           main] t.c.s.AnnotationConfigContextLoaderUtils : Could not detect default configuration classes for test class [edu.usc.csci310.project.CucumberBootstrap]: CucumberBootstrap does not declare any static, non-private, non-final, nested classes annotated with @Configuration.
2023-04-27T20:32:43.431-07:00  INFO 81416 --- [           main] .b.t.c.SpringBootTestContextBootstrapper : Found @SpringBootConfiguration edu.usc.csci310.project.SpringBootAPI for test class edu.usc.csci310.project.CucumberBootstrap

  .   ____          _            __ _ _
 /\\ / ___'_ __ _ _(_)_ __  __ _ \ \ \ \
( ( )\___ | '_ | '_| | '_ \/ _` | \ \ \ \
 \\/  ___)| |_)| | | | | || (_| |  ) ) ) )
  '  |____| .__|_| |_|_| |_\__, | / / / /
 =========|_|==============|___/=/_/_/_/
 :: Spring Boot ::                (v3.0.2)

2023-04-27T20:32:43.444-07:00  INFO 81416 --- [           main] e.usc.csci310.project.CucumberBootstrap  : Starting CucumberBootstrap using Java 17.0.6 with PID 81416 (started by soheey in /Users/soheey/IdeaProjects/20231-project-team-5)
2023-04-27T20:32:43.444-07:00  INFO 81416 --- [           main] e.usc.csci310.project.CucumberBootstrap  : No active profile set, falling back to 1 default profile: "default"
2023-04-27T20:32:43.494-07:00  INFO 81416 --- [           main] .s.d.r.c.RepositoryConfigurationDelegate : Bootstrapping Spring Data JPA repositories in DEFAULT mode.
2023-04-27T20:32:43.499-07:00  INFO 81416 --- [           main] .s.d.r.c.RepositoryConfigurationDelegate : Finished Spring Data repository scanning in 4 ms. Found 3 JPA repository interfaces.
2023-04-27T20:32:43.556-07:00  INFO 81416 --- [           main] o.s.b.w.embedded.tomcat.TomcatWebServer  : Tomcat initialized with port(s): 8080 (https)
2023-04-27T20:32:43.557-07:00  INFO 81416 --- [           main] o.apache.catalina.core.StandardService   : Starting service [Tomcat]
2023-04-27T20:32:43.557-07:00  INFO 81416 --- [           main] o.apache.catalina.core.StandardEngine    : Starting Servlet engine: [Apache Tomcat/10.1.5]
2023-04-27T20:32:43.579-07:00  INFO 81416 --- [           main] o.a.c.c.C.[Tomcat-1].[localhost].[/]     : Initializing Spring embedded WebApplicationContext
2023-04-27T20:32:43.579-07:00  INFO 81416 --- [           main] w.s.c.ServletWebServerApplicationContext : Root WebApplicationContext: initialization completed in 134 ms
2023-04-27T20:32:43.586-07:00  INFO 81416 --- [           main] com.zaxxer.hikari.HikariDataSource       : HikariPool-3 - Starting...
2023-04-27T20:32:43.587-07:00  INFO 81416 --- [           main] com.zaxxer.hikari.pool.HikariPool        : HikariPool-3 - Added connection conn20: url=jdbc:h2:mem:testdb user=SA
2023-04-27T20:32:43.587-07:00  INFO 81416 --- [           main] com.zaxxer.hikari.HikariDataSource       : HikariPool-3 - Start completed.
2023-04-27T20:32:43.587-07:00  INFO 81416 --- [           main] o.s.b.a.h2.H2ConsoleAutoConfiguration    : H2 console available at '/h2-console'. Database available at 'jdbc:h2:mem:testdb'
2023-04-27T20:32:43.601-07:00  INFO 81416 --- [           main] o.hibernate.jpa.internal.util.LogHelper  : HHH000204: Processing PersistenceUnitInfo [name: default]
2023-04-27T20:32:43.603-07:00  WARN 81416 --- [           main] org.hibernate.orm.deprecation            : HHH90000021: Encountered deprecated setting [javax.persistence.sharedCache.mode], use [jakarta.persistence.sharedCache.mode] instead
2023-04-27T20:32:43.605-07:00  INFO 81416 --- [           main] SQL dialect                              : HHH000400: Using dialect: org.hibernate.dialect.H2Dialect
2023-04-27T20:32:43.659-07:00  INFO 81416 --- [           main] o.h.e.t.j.p.i.JtaPlatformInitiator       : HHH000490: Using JtaPlatform implementation: [org.hibernate.engine.transaction.jta.platform.internal.NoJtaPlatform]
2023-04-27T20:32:43.660-07:00  INFO 81416 --- [           main] j.LocalContainerEntityManagerFactoryBean : Initialized JPA EntityManagerFactory for persistence unit 'default'
2023-04-27T20:32:43.701-07:00  WARN 81416 --- [           main] JpaBaseConfiguration$JpaWebConfiguration : spring.jpa.open-in-view is enabled by default. Therefore, database queries may be performed during view rendering. Explicitly configure spring.jpa.open-in-view to disable this warning
2023-04-27T20:32:43.726-07:00  INFO 81416 --- [           main] o.s.b.a.w.s.WelcomePageHandlerMapping    : Adding welcome page: class path resource [public/index.html]
2023-04-27T20:32:43.875-07:00  WARN 81416 --- [           main] ConfigServletWebServerApplicationContext : Exception encountered during context initialization - cancelling refresh attempt: org.springframework.context.ApplicationContextException: Failed to start bean 'webServerStartStop'
2023-04-27T20:32:43.877-07:00  INFO 81416 --- [           main] j.LocalContainerEntityManagerFactoryBean : Closing JPA EntityManagerFactory for persistence unit 'default'
2023-04-27T20:32:43.877-07:00  INFO 81416 --- [           main] .SchemaDropperImpl$DelayedDropActionImpl : HHH000477: Starting delayed evictData of schema as part of SessionFactory shut-down'
2023-04-27T20:32:43.883-07:00  INFO 81416 --- [           main] com.zaxxer.hikari.HikariDataSource       : HikariPool-3 - Shutdown initiated...
2023-04-27T20:32:43.885-07:00  INFO 81416 --- [           main] com.zaxxer.hikari.HikariDataSource       : HikariPool-3 - Shutdown completed.
2023-04-27T20:32:43.886-07:00  INFO 81416 --- [           main] o.apache.catalina.core.StandardService   : Stopping service [Tomcat]
2023-04-27T20:32:43.894-07:00  INFO 81416 --- [           main] .s.b.a.l.ConditionEvaluationReportLogger : 

Error starting ApplicationContext. To display the condition evaluation report re-run your application with 'debug' enabled.
2023-04-27T20:32:43.915-07:00 ERROR 81416 --- [           main] o.s.b.d.LoggingFailureAnalysisReporter   : 

***************************
APPLICATION FAILED TO START
***************************

Description:

Web server failed to start. Port 8080 was already in use.

Action:

Identify and stop the process that's listening on port 8080 or configure this application to listen on another port.

]]></system-out>
    <system-err><![CDATA[


============================
CONDITIONS EVALUATION REPORT
============================


Positive matches:
-----------------

    None


Negative matches:
-----------------

    None


Exclusions:
-----------

    None


Unconditional classes:
----------------------

    None



]]></system-err>
  </testcase>
  <testcase name="testing out the various parts of login page - Login fail due to invalid email" classname="edu.usc.csci310.project.CucumberIntegrationTest" time="0.446">
    <error message="Failed to load ApplicationContext for [WebMergedContextConfiguration@9c9fbf4 testClass = edu.usc.csci310.project.CucumberBootstrap, locations = [], classes = [edu.usc.csci310.project.SpringBootAPI], contextInitializerClasses = [], activeProfiles = [], propertySourceLocations = [], propertySourceProperties = [&quot;org.springframework.boot.test.context.SpringBootTestContextBootstrapper=true&quot;], contextCustomizers = [org.springframework.boot.test.context.filter.ExcludeFilterContextCustomizer@1a480135, org.springframework.boot.test.json.DuplicateJsonObjectContextCustomizerFactory$DuplicateJsonObjectContextCustomizer@6c1832aa, org.springframework.boot.test.mock.mockito.MockitoContextCustomizer@0, org.springframework.boot.test.web.client.TestRestTemplateContextCustomizer@3fbfbf84, org.springframework.boot.test.autoconfigure.actuate.observability.ObservabilityContextCustomizerFactory$DisableObservabilityContextCustomizer@9da1, org.springframework.boot.test.autoconfigure.properties.PropertyMappingContextCustomizer@0, org.springframework.boot.test.autoconfigure.web.servlet.WebDriverContextCustomizerFactory$Customizer@f446158, org.springframework.boot.test.context.SpringBootTestAnnotation@e0546028], resourceBasePath = &quot;src/main/webapp&quot;, contextLoader = org.springframework.boot.test.context.SpringBootContextLoader, parent = null]" type="java.lang.IllegalStateException">java.lang.IllegalStateException: Failed to load ApplicationContext for [WebMergedContextConfiguration@9c9fbf4 testClass = edu.usc.csci310.project.CucumberBootstrap, locations = [], classes = [edu.usc.csci310.project.SpringBootAPI], contextInitializerClasses = [], activeProfiles = [], propertySourceLocations = [], propertySourceProperties = ["org.springframework.boot.test.context.SpringBootTestContextBootstrapper=true"], contextCustomizers = [org.springframework.boot.test.context.filter.ExcludeFilterContextCustomizer@1a480135, org.springframework.boot.test.json.DuplicateJsonObjectContextCustomizerFactory$DuplicateJsonObjectContextCustomizer@6c1832aa, org.springframework.boot.test.mock.mockito.MockitoContextCustomizer@0, org.springframework.boot.test.web.client.TestRestTemplateContextCustomizer@3fbfbf84, org.springframework.boot.test.autoconfigure.actuate.observability.ObservabilityContextCustomizerFactory$DisableObservabilityContextCustomizer@9da1, org.springframework.boot.test.autoconfigure.properties.PropertyMappingContextCustomizer@0, org.springframework.boot.test.autoconfigure.web.servlet.WebDriverContextCustomizerFactory$Customizer@f446158, org.springframework.boot.test.context.SpringBootTestAnnotation@e0546028], resourceBasePath = "src/main/webapp", contextLoader = org.springframework.boot.test.context.SpringBootContextLoader, parent = null]
Caused by: org.springframework.context.ApplicationContextException: Failed to start bean 'webServerStartStop'
Caused by: org.springframework.boot.web.server.PortInUseException: Port 8080 is already in use
Caused by: java.lang.IllegalArgumentException: standardService.connector.startFailed
Caused by: org.apache.catalina.LifecycleException: Protocol handler start failed
Caused by: java.net.BindException: Address already in use
</error>
    <system-out><![CDATA[2023-04-27T20:32:43.935-07:00  INFO 81416 --- [           main] t.c.s.AnnotationConfigContextLoaderUtils : Could not detect default configuration classes for test class [edu.usc.csci310.project.CucumberBootstrap]: CucumberBootstrap does not declare any static, non-private, non-final, nested classes annotated with @Configuration.
2023-04-27T20:32:43.936-07:00  INFO 81416 --- [           main] .b.t.c.SpringBootTestContextBootstrapper : Found @SpringBootConfiguration edu.usc.csci310.project.SpringBootAPI for test class edu.usc.csci310.project.CucumberBootstrap

  .   ____          _            __ _ _
 /\\ / ___'_ __ _ _(_)_ __  __ _ \ \ \ \
( ( )\___ | '_ | '_| | '_ \/ _` | \ \ \ \
 \\/  ___)| |_)| | | | | || (_| |  ) ) ) )
  '  |____| .__|_| |_|_| |_\__, | / / / /
 =========|_|==============|___/=/_/_/_/
 :: Spring Boot ::                (v3.0.2)

2023-04-27T20:32:43.957-07:00  INFO 81416 --- [           main] e.usc.csci310.project.CucumberBootstrap  : Starting CucumberBootstrap using Java 17.0.6 with PID 81416 (started by soheey in /Users/soheey/IdeaProjects/20231-project-team-5)
2023-04-27T20:32:43.957-07:00  INFO 81416 --- [           main] e.usc.csci310.project.CucumberBootstrap  : No active profile set, falling back to 1 default profile: "default"
2023-04-27T20:32:44.022-07:00  INFO 81416 --- [           main] .s.d.r.c.RepositoryConfigurationDelegate : Bootstrapping Spring Data JPA repositories in DEFAULT mode.
2023-04-27T20:32:44.027-07:00  INFO 81416 --- [           main] .s.d.r.c.RepositoryConfigurationDelegate : Finished Spring Data repository scanning in 5 ms. Found 3 JPA repository interfaces.
2023-04-27T20:32:44.093-07:00  INFO 81416 --- [           main] o.s.b.w.embedded.tomcat.TomcatWebServer  : Tomcat initialized with port(s): 8080 (https)
2023-04-27T20:32:44.094-07:00  INFO 81416 --- [           main] o.apache.catalina.core.StandardService   : Starting service [Tomcat]
2023-04-27T20:32:44.095-07:00  INFO 81416 --- [           main] o.apache.catalina.core.StandardEngine    : Starting Servlet engine: [Apache Tomcat/10.1.5]
2023-04-27T20:32:44.120-07:00  INFO 81416 --- [           main] o.a.c.c.C.[Tomcat-2].[localhost].[/]     : Initializing Spring embedded WebApplicationContext
2023-04-27T20:32:44.120-07:00  INFO 81416 --- [           main] w.s.c.ServletWebServerApplicationContext : Root WebApplicationContext: initialization completed in 162 ms
2023-04-27T20:32:44.129-07:00  INFO 81416 --- [           main] com.zaxxer.hikari.HikariDataSource       : HikariPool-4 - Starting...
2023-04-27T20:32:44.130-07:00  INFO 81416 --- [           main] com.zaxxer.hikari.pool.HikariPool        : HikariPool-4 - Added connection conn30: url=jdbc:h2:mem:testdb user=SA
2023-04-27T20:32:44.130-07:00  INFO 81416 --- [           main] com.zaxxer.hikari.HikariDataSource       : HikariPool-4 - Start completed.
2023-04-27T20:32:44.130-07:00  INFO 81416 --- [           main] o.s.b.a.h2.H2ConsoleAutoConfiguration    : H2 console available at '/h2-console'. Database available at 'jdbc:h2:mem:testdb'
2023-04-27T20:32:44.150-07:00  INFO 81416 --- [           main] o.hibernate.jpa.internal.util.LogHelper  : HHH000204: Processing PersistenceUnitInfo [name: default]
2023-04-27T20:32:44.153-07:00  WARN 81416 --- [           main] org.hibernate.orm.deprecation            : HHH90000021: Encountered deprecated setting [javax.persistence.sharedCache.mode], use [jakarta.persistence.sharedCache.mode] instead
2023-04-27T20:32:44.156-07:00  INFO 81416 --- [           main] SQL dialect                              : HHH000400: Using dialect: org.hibernate.dialect.H2Dialect
2023-04-27T20:32:44.220-07:00  INFO 81416 --- [           main] o.h.e.t.j.p.i.JtaPlatformInitiator       : HHH000490: Using JtaPlatform implementation: [org.hibernate.engine.transaction.jta.platform.internal.NoJtaPlatform]
2023-04-27T20:32:44.220-07:00  INFO 81416 --- [           main] j.LocalContainerEntityManagerFactoryBean : Initialized JPA EntityManagerFactory for persistence unit 'default'
2023-04-27T20:32:44.288-07:00  WARN 81416 --- [           main] JpaBaseConfiguration$JpaWebConfiguration : spring.jpa.open-in-view is enabled by default. Therefore, database queries may be performed during view rendering. Explicitly configure spring.jpa.open-in-view to disable this warning
2023-04-27T20:32:44.319-07:00  INFO 81416 --- [           main] o.s.b.a.w.s.WelcomePageHandlerMapping    : Adding welcome page: class path resource [public/index.html]
2023-04-27T20:32:44.362-07:00  WARN 81416 --- [           main] ConfigServletWebServerApplicationContext : Exception encountered during context initialization - cancelling refresh attempt: org.springframework.context.ApplicationContextException: Failed to start bean 'webServerStartStop'
2023-04-27T20:32:44.363-07:00  INFO 81416 --- [           main] j.LocalContainerEntityManagerFactoryBean : Closing JPA EntityManagerFactory for persistence unit 'default'
2023-04-27T20:32:44.363-07:00  INFO 81416 --- [           main] .SchemaDropperImpl$DelayedDropActionImpl : HHH000477: Starting delayed evictData of schema as part of SessionFactory shut-down'
2023-04-27T20:32:44.368-07:00  INFO 81416 --- [           main] com.zaxxer.hikari.HikariDataSource       : HikariPool-4 - Shutdown initiated...
2023-04-27T20:32:44.369-07:00  INFO 81416 --- [           main] com.zaxxer.hikari.HikariDataSource       : HikariPool-4 - Shutdown completed.
2023-04-27T20:32:44.370-07:00  INFO 81416 --- [           main] o.apache.catalina.core.StandardService   : Stopping service [Tomcat]
2023-04-27T20:32:44.377-07:00  INFO 81416 --- [           main] .s.b.a.l.ConditionEvaluationReportLogger : 

Error starting ApplicationContext. To display the condition evaluation report re-run your application with 'debug' enabled.
2023-04-27T20:32:44.379-07:00 ERROR 81416 --- [           main] o.s.b.d.LoggingFailureAnalysisReporter   : 

***************************
APPLICATION FAILED TO START
***************************

Description:

Web server failed to start. Port 8080 was already in use.

Action:

Identify and stop the process that's listening on port 8080 or configure this application to listen on another port.

]]></system-out>
    <system-err><![CDATA[


============================
CONDITIONS EVALUATION REPORT
============================


Positive matches:
-----------------

    None


Negative matches:
-----------------

    None


Exclusions:
-----------

    None


Unconditional classes:
----------------------

    None



]]></system-err>
  </testcase>
  <testcase name="testing out the various parts of login page - Login fail due to invalid password" classname="edu.usc.csci310.project.CucumberIntegrationTest" time="0.396">
    <error message="Failed to load ApplicationContext for [WebMergedContextConfiguration@30524de0 testClass = edu.usc.csci310.project.CucumberBootstrap, locations = [], classes = [edu.usc.csci310.project.SpringBootAPI], contextInitializerClasses = [], activeProfiles = [], propertySourceLocations = [], propertySourceProperties = [&quot;org.springframework.boot.test.context.SpringBootTestContextBootstrapper=true&quot;], contextCustomizers = [org.springframework.boot.test.context.filter.ExcludeFilterContextCustomizer@1a480135, org.springframework.boot.test.json.DuplicateJsonObjectContextCustomizerFactory$DuplicateJsonObjectContextCustomizer@6c1832aa, org.springframework.boot.test.mock.mockito.MockitoContextCustomizer@0, org.springframework.boot.test.web.client.TestRestTemplateContextCustomizer@3fbfbf84, org.springframework.boot.test.autoconfigure.actuate.observability.ObservabilityContextCustomizerFactory$DisableObservabilityContextCustomizer@9da1, org.springframework.boot.test.autoconfigure.properties.PropertyMappingContextCustomizer@0, org.springframework.boot.test.autoconfigure.web.servlet.WebDriverContextCustomizerFactory$Customizer@f446158, org.springframework.boot.test.context.SpringBootTestAnnotation@e0546028], resourceBasePath = &quot;src/main/webapp&quot;, contextLoader = org.springframework.boot.test.context.SpringBootContextLoader, parent = null]" type="java.lang.IllegalStateException">java.lang.IllegalStateException: Failed to load ApplicationContext for [WebMergedContextConfiguration@30524de0 testClass = edu.usc.csci310.project.CucumberBootstrap, locations = [], classes = [edu.usc.csci310.project.SpringBootAPI], contextInitializerClasses = [], activeProfiles = [], propertySourceLocations = [], propertySourceProperties = ["org.springframework.boot.test.context.SpringBootTestContextBootstrapper=true"], contextCustomizers = [org.springframework.boot.test.context.filter.ExcludeFilterContextCustomizer@1a480135, org.springframework.boot.test.json.DuplicateJsonObjectContextCustomizerFactory$DuplicateJsonObjectContextCustomizer@6c1832aa, org.springframework.boot.test.mock.mockito.MockitoContextCustomizer@0, org.springframework.boot.test.web.client.TestRestTemplateContextCustomizer@3fbfbf84, org.springframework.boot.test.autoconfigure.actuate.observability.ObservabilityContextCustomizerFactory$DisableObservabilityContextCustomizer@9da1, org.springframework.boot.test.autoconfigure.properties.PropertyMappingContextCustomizer@0, org.springframework.boot.test.autoconfigure.web.servlet.WebDriverContextCustomizerFactory$Customizer@f446158, org.springframework.boot.test.context.SpringBootTestAnnotation@e0546028], resourceBasePath = "src/main/webapp", contextLoader = org.springframework.boot.test.context.SpringBootContextLoader, parent = null]
Caused by: org.springframework.context.ApplicationContextException: Failed to start bean 'webServerStartStop'
Caused by: org.springframework.boot.web.server.PortInUseException: Port 8080 is already in use
Caused by: java.lang.IllegalArgumentException: standardService.connector.startFailed
Caused by: org.apache.catalina.LifecycleException: Protocol handler start failed
Caused by: java.net.BindException: Address already in use
</error>
    <system-out><![CDATA[2023-04-27T20:32:44.382-07:00  INFO 81416 --- [           main] t.c.s.AnnotationConfigContextLoaderUtils : Could not detect default configuration classes for test class [edu.usc.csci310.project.CucumberBootstrap]: CucumberBootstrap does not declare any static, non-private, non-final, nested classes annotated with @Configuration.
2023-04-27T20:32:44.383-07:00  INFO 81416 --- [           main] .b.t.c.SpringBootTestContextBootstrapper : Found @SpringBootConfiguration edu.usc.csci310.project.SpringBootAPI for test class edu.usc.csci310.project.CucumberBootstrap

  .   ____          _            __ _ _
 /\\ / ___'_ __ _ _(_)_ __  __ _ \ \ \ \
( ( )\___ | '_ | '_| | '_ \/ _` | \ \ \ \
 \\/  ___)| |_)| | | | | || (_| |  ) ) ) )
  '  |____| .__|_| |_|_| |_\__, | / / / /
 =========|_|==============|___/=/_/_/_/
 :: Spring Boot ::                (v3.0.2)

2023-04-27T20:32:44.403-07:00  INFO 81416 --- [           main] e.usc.csci310.project.CucumberBootstrap  : Starting CucumberBootstrap using Java 17.0.6 with PID 81416 (started by soheey in /Users/soheey/IdeaProjects/20231-project-team-5)
2023-04-27T20:32:44.404-07:00  INFO 81416 --- [           main] e.usc.csci310.project.CucumberBootstrap  : No active profile set, falling back to 1 default profile: "default"
2023-04-27T20:32:44.470-07:00  INFO 81416 --- [           main] .s.d.r.c.RepositoryConfigurationDelegate : Bootstrapping Spring Data JPA repositories in DEFAULT mode.
2023-04-27T20:32:44.476-07:00  INFO 81416 --- [           main] .s.d.r.c.RepositoryConfigurationDelegate : Finished Spring Data repository scanning in 4 ms. Found 3 JPA repository interfaces.
2023-04-27T20:32:44.538-07:00  INFO 81416 --- [           main] o.s.b.w.embedded.tomcat.TomcatWebServer  : Tomcat initialized with port(s): 8080 (https)
2023-04-27T20:32:44.539-07:00  INFO 81416 --- [           main] o.apache.catalina.core.StandardService   : Starting service [Tomcat]
2023-04-27T20:32:44.539-07:00  INFO 81416 --- [           main] o.apache.catalina.core.StandardEngine    : Starting Servlet engine: [Apache Tomcat/10.1.5]
2023-04-27T20:32:44.564-07:00  INFO 81416 --- [           main] o.a.c.c.C.[Tomcat-3].[localhost].[/]     : Initializing Spring embedded WebApplicationContext
2023-04-27T20:32:44.564-07:00  INFO 81416 --- [           main] w.s.c.ServletWebServerApplicationContext : Root WebApplicationContext: initialization completed in 159 ms
2023-04-27T20:32:44.572-07:00  INFO 81416 --- [           main] com.zaxxer.hikari.HikariDataSource       : HikariPool-5 - Starting...
2023-04-27T20:32:44.574-07:00  INFO 81416 --- [           main] com.zaxxer.hikari.pool.HikariPool        : HikariPool-5 - Added connection conn40: url=jdbc:h2:mem:testdb user=SA
2023-04-27T20:32:44.574-07:00  INFO 81416 --- [           main] com.zaxxer.hikari.HikariDataSource       : HikariPool-5 - Start completed.
2023-04-27T20:32:44.574-07:00  INFO 81416 --- [           main] o.s.b.a.h2.H2ConsoleAutoConfiguration    : H2 console available at '/h2-console'. Database available at 'jdbc:h2:mem:testdb'
2023-04-27T20:32:44.592-07:00  INFO 81416 --- [           main] o.hibernate.jpa.internal.util.LogHelper  : HHH000204: Processing PersistenceUnitInfo [name: default]
2023-04-27T20:32:44.594-07:00  WARN 81416 --- [           main] org.hibernate.orm.deprecation            : HHH90000021: Encountered deprecated setting [javax.persistence.sharedCache.mode], use [jakarta.persistence.sharedCache.mode] instead
2023-04-27T20:32:44.597-07:00  INFO 81416 --- [           main] SQL dialect                              : HHH000400: Using dialect: org.hibernate.dialect.H2Dialect
2023-04-27T20:32:44.656-07:00  INFO 81416 --- [           main] o.h.e.t.j.p.i.JtaPlatformInitiator       : HHH000490: Using JtaPlatform implementation: [org.hibernate.engine.transaction.jta.platform.internal.NoJtaPlatform]
2023-04-27T20:32:44.656-07:00  INFO 81416 --- [           main] j.LocalContainerEntityManagerFactoryBean : Initialized JPA EntityManagerFactory for persistence unit 'default'
2023-04-27T20:32:44.698-07:00  WARN 81416 --- [           main] JpaBaseConfiguration$JpaWebConfiguration : spring.jpa.open-in-view is enabled by default. Therefore, database queries may be performed during view rendering. Explicitly configure spring.jpa.open-in-view to disable this warning
2023-04-27T20:32:44.722-07:00  INFO 81416 --- [           main] o.s.b.a.w.s.WelcomePageHandlerMapping    : Adding welcome page: class path resource [public/index.html]
2023-04-27T20:32:44.754-07:00  WARN 81416 --- [           main] ConfigServletWebServerApplicationContext : Exception encountered during context initialization - cancelling refresh attempt: org.springframework.context.ApplicationContextException: Failed to start bean 'webServerStartStop'
2023-04-27T20:32:44.756-07:00  INFO 81416 --- [           main] j.LocalContainerEntityManagerFactoryBean : Closing JPA EntityManagerFactory for persistence unit 'default'
2023-04-27T20:32:44.756-07:00  INFO 81416 --- [           main] .SchemaDropperImpl$DelayedDropActionImpl : HHH000477: Starting delayed evictData of schema as part of SessionFactory shut-down'
2023-04-27T20:32:44.759-07:00  INFO 81416 --- [           main] com.zaxxer.hikari.HikariDataSource       : HikariPool-5 - Shutdown initiated...
2023-04-27T20:32:44.768-07:00  INFO 81416 --- [           main] com.zaxxer.hikari.HikariDataSource       : HikariPool-5 - Shutdown completed.
2023-04-27T20:32:44.769-07:00  INFO 81416 --- [           main] o.apache.catalina.core.StandardService   : Stopping service [Tomcat]
2023-04-27T20:32:44.774-07:00  INFO 81416 --- [           main] .s.b.a.l.ConditionEvaluationReportLogger : 

Error starting ApplicationContext. To display the condition evaluation report re-run your application with 'debug' enabled.
2023-04-27T20:32:44.775-07:00 ERROR 81416 --- [           main] o.s.b.d.LoggingFailureAnalysisReporter   : 

***************************
APPLICATION FAILED TO START
***************************

Description:

Web server failed to start. Port 8080 was already in use.

Action:

Identify and stop the process that's listening on port 8080 or configure this application to listen on another port.

]]></system-out>
    <system-err><![CDATA[


============================
CONDITIONS EVALUATION REPORT
============================


Positive matches:
-----------------

    None


Negative matches:
-----------------

    None


Exclusions:
-----------

    None


Unconditional classes:
----------------------

    None



]]></system-err>
  </testcase>
  <testcase name="testing out the various parts of login page - Enter nothing to email field" classname="edu.usc.csci310.project.CucumberIntegrationTest" time="0.382">
    <error message="Failed to load ApplicationContext for [WebMergedContextConfiguration@1f049abd testClass = edu.usc.csci310.project.CucumberBootstrap, locations = [], classes = [edu.usc.csci310.project.SpringBootAPI], contextInitializerClasses = [], activeProfiles = [], propertySourceLocations = [], propertySourceProperties = [&quot;org.springframework.boot.test.context.SpringBootTestContextBootstrapper=true&quot;], contextCustomizers = [org.springframework.boot.test.context.filter.ExcludeFilterContextCustomizer@1a480135, org.springframework.boot.test.json.DuplicateJsonObjectContextCustomizerFactory$DuplicateJsonObjectContextCustomizer@6c1832aa, org.springframework.boot.test.mock.mockito.MockitoContextCustomizer@0, org.springframework.boot.test.web.client.TestRestTemplateContextCustomizer@3fbfbf84, org.springframework.boot.test.autoconfigure.actuate.observability.ObservabilityContextCustomizerFactory$DisableObservabilityContextCustomizer@9da1, org.springframework.boot.test.autoconfigure.properties.PropertyMappingContextCustomizer@0, org.springframework.boot.test.autoconfigure.web.servlet.WebDriverContextCustomizerFactory$Customizer@f446158, org.springframework.boot.test.context.SpringBootTestAnnotation@e0546028], resourceBasePath = &quot;src/main/webapp&quot;, contextLoader = org.springframework.boot.test.context.SpringBootContextLoader, parent = null]" type="java.lang.IllegalStateException">java.lang.IllegalStateException: Failed to load ApplicationContext for [WebMergedContextConfiguration@1f049abd testClass = edu.usc.csci310.project.CucumberBootstrap, locations = [], classes = [edu.usc.csci310.project.SpringBootAPI], contextInitializerClasses = [], activeProfiles = [], propertySourceLocations = [], propertySourceProperties = ["org.springframework.boot.test.context.SpringBootTestContextBootstrapper=true"], contextCustomizers = [org.springframework.boot.test.context.filter.ExcludeFilterContextCustomizer@1a480135, org.springframework.boot.test.json.DuplicateJsonObjectContextCustomizerFactory$DuplicateJsonObjectContextCustomizer@6c1832aa, org.springframework.boot.test.mock.mockito.MockitoContextCustomizer@0, org.springframework.boot.test.web.client.TestRestTemplateContextCustomizer@3fbfbf84, org.springframework.boot.test.autoconfigure.actuate.observability.ObservabilityContextCustomizerFactory$DisableObservabilityContextCustomizer@9da1, org.springframework.boot.test.autoconfigure.properties.PropertyMappingContextCustomizer@0, org.springframework.boot.test.autoconfigure.web.servlet.WebDriverContextCustomizerFactory$Customizer@f446158, org.springframework.boot.test.context.SpringBootTestAnnotation@e0546028], resourceBasePath = "src/main/webapp", contextLoader = org.springframework.boot.test.context.SpringBootContextLoader, parent = null]
Caused by: org.springframework.context.ApplicationContextException: Failed to start bean 'webServerStartStop'
Caused by: org.springframework.boot.web.server.PortInUseException: Port 8080 is already in use
Caused by: java.lang.IllegalArgumentException: standardService.connector.startFailed
Caused by: org.apache.catalina.LifecycleException: Protocol handler start failed
Caused by: java.net.BindException: Address already in use
</error>
    <system-out><![CDATA[2023-04-27T20:32:44.779-07:00  INFO 81416 --- [           main] t.c.s.AnnotationConfigContextLoaderUtils : Could not detect default configuration classes for test class [edu.usc.csci310.project.CucumberBootstrap]: CucumberBootstrap does not declare any static, non-private, non-final, nested classes annotated with @Configuration.
2023-04-27T20:32:44.780-07:00  INFO 81416 --- [           main] .b.t.c.SpringBootTestContextBootstrapper : Found @SpringBootConfiguration edu.usc.csci310.project.SpringBootAPI for test class edu.usc.csci310.project.CucumberBootstrap

  .   ____          _            __ _ _
 /\\ / ___'_ __ _ _(_)_ __  __ _ \ \ \ \
( ( )\___ | '_ | '_| | '_ \/ _` | \ \ \ \
 \\/  ___)| |_)| | | | | || (_| |  ) ) ) )
  '  |____| .__|_| |_|_| |_\__, | / / / /
 =========|_|==============|___/=/_/_/_/
 :: Spring Boot ::                (v3.0.2)

2023-04-27T20:32:44.797-07:00  INFO 81416 --- [           main] e.usc.csci310.project.CucumberBootstrap  : Starting CucumberBootstrap using Java 17.0.6 with PID 81416 (started by soheey in /Users/soheey/IdeaProjects/20231-project-team-5)
2023-04-27T20:32:44.797-07:00  INFO 81416 --- [           main] e.usc.csci310.project.CucumberBootstrap  : No active profile set, falling back to 1 default profile: "default"
2023-04-27T20:32:44.861-07:00  INFO 81416 --- [           main] .s.d.r.c.RepositoryConfigurationDelegate : Bootstrapping Spring Data JPA repositories in DEFAULT mode.
2023-04-27T20:32:44.866-07:00  INFO 81416 --- [           main] .s.d.r.c.RepositoryConfigurationDelegate : Finished Spring Data repository scanning in 4 ms. Found 3 JPA repository interfaces.
2023-04-27T20:32:44.925-07:00  INFO 81416 --- [           main] o.s.b.w.embedded.tomcat.TomcatWebServer  : Tomcat initialized with port(s): 8080 (https)
2023-04-27T20:32:44.925-07:00  INFO 81416 --- [           main] o.apache.catalina.core.StandardService   : Starting service [Tomcat]
2023-04-27T20:32:44.926-07:00  INFO 81416 --- [           main] o.apache.catalina.core.StandardEngine    : Starting Servlet engine: [Apache Tomcat/10.1.5]
2023-04-27T20:32:44.947-07:00  INFO 81416 --- [           main] o.a.c.c.C.[Tomcat-4].[localhost].[/]     : Initializing Spring embedded WebApplicationContext
2023-04-27T20:32:44.947-07:00  INFO 81416 --- [           main] w.s.c.ServletWebServerApplicationContext : Root WebApplicationContext: initialization completed in 149 ms
2023-04-27T20:32:44.954-07:00  INFO 81416 --- [           main] com.zaxxer.hikari.HikariDataSource       : HikariPool-6 - Starting...
2023-04-27T20:32:44.955-07:00  INFO 81416 --- [           main] com.zaxxer.hikari.pool.HikariPool        : HikariPool-6 - Added connection conn48: url=jdbc:h2:mem:testdb user=SA
2023-04-27T20:32:44.955-07:00  INFO 81416 --- [           main] com.zaxxer.hikari.HikariDataSource       : HikariPool-6 - Start completed.
2023-04-27T20:32:44.955-07:00  INFO 81416 --- [           main] o.s.b.a.h2.H2ConsoleAutoConfiguration    : H2 console available at '/h2-console'. Database available at 'jdbc:h2:mem:testdb'
2023-04-27T20:32:44.970-07:00  INFO 81416 --- [           main] o.hibernate.jpa.internal.util.LogHelper  : HHH000204: Processing PersistenceUnitInfo [name: default]
2023-04-27T20:32:44.972-07:00  WARN 81416 --- [           main] org.hibernate.orm.deprecation            : HHH90000021: Encountered deprecated setting [javax.persistence.sharedCache.mode], use [jakarta.persistence.sharedCache.mode] instead
2023-04-27T20:32:44.976-07:00  INFO 81416 --- [           main] SQL dialect                              : HHH000400: Using dialect: org.hibernate.dialect.H2Dialect
2023-04-27T20:32:45.036-07:00  INFO 81416 --- [           main] o.h.e.t.j.p.i.JtaPlatformInitiator       : HHH000490: Using JtaPlatform implementation: [org.hibernate.engine.transaction.jta.platform.internal.NoJtaPlatform]
2023-04-27T20:32:45.036-07:00  INFO 81416 --- [           main] j.LocalContainerEntityManagerFactoryBean : Initialized JPA EntityManagerFactory for persistence unit 'default'
2023-04-27T20:32:45.078-07:00  WARN 81416 --- [           main] JpaBaseConfiguration$JpaWebConfiguration : spring.jpa.open-in-view is enabled by default. Therefore, database queries may be performed during view rendering. Explicitly configure spring.jpa.open-in-view to disable this warning
2023-04-27T20:32:45.103-07:00  INFO 81416 --- [           main] o.s.b.a.w.s.WelcomePageHandlerMapping    : Adding welcome page: class path resource [public/index.html]
2023-04-27T20:32:45.135-07:00  WARN 81416 --- [           main] ConfigServletWebServerApplicationContext : Exception encountered during context initialization - cancelling refresh attempt: org.springframework.context.ApplicationContextException: Failed to start bean 'webServerStartStop'
2023-04-27T20:32:45.135-07:00  INFO 81416 --- [           main] j.LocalContainerEntityManagerFactoryBean : Closing JPA EntityManagerFactory for persistence unit 'default'
2023-04-27T20:32:45.135-07:00  INFO 81416 --- [           main] .SchemaDropperImpl$DelayedDropActionImpl : HHH000477: Starting delayed evictData of schema as part of SessionFactory shut-down'
2023-04-27T20:32:45.139-07:00  INFO 81416 --- [           main] com.zaxxer.hikari.HikariDataSource       : HikariPool-6 - Shutdown initiated...
2023-04-27T20:32:45.151-07:00  INFO 81416 --- [           main] com.zaxxer.hikari.HikariDataSource       : HikariPool-6 - Shutdown completed.
2023-04-27T20:32:45.152-07:00  INFO 81416 --- [           main] o.apache.catalina.core.StandardService   : Stopping service [Tomcat]
2023-04-27T20:32:45.156-07:00  INFO 81416 --- [           main] .s.b.a.l.ConditionEvaluationReportLogger : 

Error starting ApplicationContext. To display the condition evaluation report re-run your application with 'debug' enabled.
2023-04-27T20:32:45.157-07:00 ERROR 81416 --- [           main] o.s.b.d.LoggingFailureAnalysisReporter   : 

***************************
APPLICATION FAILED TO START
***************************

Description:

Web server failed to start. Port 8080 was already in use.

Action:

Identify and stop the process that's listening on port 8080 or configure this application to listen on another port.

]]></system-out>
    <system-err><![CDATA[


============================
CONDITIONS EVALUATION REPORT
============================


Positive matches:
-----------------

    None


Negative matches:
-----------------

    None


Exclusions:
-----------

    None


Unconditional classes:
----------------------

    None



]]></system-err>
  </testcase>
  <testcase name="testing out the various parts of login page - Enter nothing to password field" classname="edu.usc.csci310.project.CucumberIntegrationTest" time="0.366">
    <error message="Failed to load ApplicationContext for [WebMergedContextConfiguration@68c21071 testClass = edu.usc.csci310.project.CucumberBootstrap, locations = [], classes = [edu.usc.csci310.project.SpringBootAPI], contextInitializerClasses = [], activeProfiles = [], propertySourceLocations = [], propertySourceProperties = [&quot;org.springframework.boot.test.context.SpringBootTestContextBootstrapper=true&quot;], contextCustomizers = [org.springframework.boot.test.context.filter.ExcludeFilterContextCustomizer@1a480135, org.springframework.boot.test.json.DuplicateJsonObjectContextCustomizerFactory$DuplicateJsonObjectContextCustomizer@6c1832aa, org.springframework.boot.test.mock.mockito.MockitoContextCustomizer@0, org.springframework.boot.test.web.client.TestRestTemplateContextCustomizer@3fbfbf84, org.springframework.boot.test.autoconfigure.actuate.observability.ObservabilityContextCustomizerFactory$DisableObservabilityContextCustomizer@9da1, org.springframework.boot.test.autoconfigure.properties.PropertyMappingContextCustomizer@0, org.springframework.boot.test.autoconfigure.web.servlet.WebDriverContextCustomizerFactory$Customizer@f446158, org.springframework.boot.test.context.SpringBootTestAnnotation@e0546028], resourceBasePath = &quot;src/main/webapp&quot;, contextLoader = org.springframework.boot.test.context.SpringBootContextLoader, parent = null]" type="java.lang.IllegalStateException">java.lang.IllegalStateException: Failed to load ApplicationContext for [WebMergedContextConfiguration@68c21071 testClass = edu.usc.csci310.project.CucumberBootstrap, locations = [], classes = [edu.usc.csci310.project.SpringBootAPI], contextInitializerClasses = [], activeProfiles = [], propertySourceLocations = [], propertySourceProperties = ["org.springframework.boot.test.context.SpringBootTestContextBootstrapper=true"], contextCustomizers = [org.springframework.boot.test.context.filter.ExcludeFilterContextCustomizer@1a480135, org.springframework.boot.test.json.DuplicateJsonObjectContextCustomizerFactory$DuplicateJsonObjectContextCustomizer@6c1832aa, org.springframework.boot.test.mock.mockito.MockitoContextCustomizer@0, org.springframework.boot.test.web.client.TestRestTemplateContextCustomizer@3fbfbf84, org.springframework.boot.test.autoconfigure.actuate.observability.ObservabilityContextCustomizerFactory$DisableObservabilityContextCustomizer@9da1, org.springframework.boot.test.autoconfigure.properties.PropertyMappingContextCustomizer@0, org.springframework.boot.test.autoconfigure.web.servlet.WebDriverContextCustomizerFactory$Customizer@f446158, org.springframework.boot.test.context.SpringBootTestAnnotation@e0546028], resourceBasePath = "src/main/webapp", contextLoader = org.springframework.boot.test.context.SpringBootContextLoader, parent = null]
Caused by: org.springframework.context.ApplicationContextException: Failed to start bean 'webServerStartStop'
Caused by: org.springframework.boot.web.server.PortInUseException: Port 8080 is already in use
Caused by: java.lang.IllegalArgumentException: standardService.connector.startFailed
Caused by: org.apache.catalina.LifecycleException: Protocol handler start failed
Caused by: java.net.BindException: Address already in use
</error>
    <system-out><![CDATA[2023-04-27T20:32:45.161-07:00  INFO 81416 --- [           main] t.c.s.AnnotationConfigContextLoaderUtils : Could not detect default configuration classes for test class [edu.usc.csci310.project.CucumberBootstrap]: CucumberBootstrap does not declare any static, non-private, non-final, nested classes annotated with @Configuration.
2023-04-27T20:32:45.162-07:00  INFO 81416 --- [           main] .b.t.c.SpringBootTestContextBootstrapper : Found @SpringBootConfiguration edu.usc.csci310.project.SpringBootAPI for test class edu.usc.csci310.project.CucumberBootstrap

  .   ____          _            __ _ _
 /\\ / ___'_ __ _ _(_)_ __  __ _ \ \ \ \
( ( )\___ | '_ | '_| | '_ \/ _` | \ \ \ \
 \\/  ___)| |_)| | | | | || (_| |  ) ) ) )
  '  |____| .__|_| |_|_| |_\__, | / / / /
 =========|_|==============|___/=/_/_/_/
 :: Spring Boot ::                (v3.0.2)

2023-04-27T20:32:45.179-07:00  INFO 81416 --- [           main] e.usc.csci310.project.CucumberBootstrap  : Starting CucumberBootstrap using Java 17.0.6 with PID 81416 (started by soheey in /Users/soheey/IdeaProjects/20231-project-team-5)
2023-04-27T20:32:45.179-07:00  INFO 81416 --- [           main] e.usc.csci310.project.CucumberBootstrap  : No active profile set, falling back to 1 default profile: "default"
2023-04-27T20:32:45.245-07:00  INFO 81416 --- [           main] .s.d.r.c.RepositoryConfigurationDelegate : Bootstrapping Spring Data JPA repositories in DEFAULT mode.
2023-04-27T20:32:45.250-07:00  INFO 81416 --- [           main] .s.d.r.c.RepositoryConfigurationDelegate : Finished Spring Data repository scanning in 4 ms. Found 3 JPA repository interfaces.
2023-04-27T20:32:45.303-07:00  INFO 81416 --- [           main] o.s.b.w.embedded.tomcat.TomcatWebServer  : Tomcat initialized with port(s): 8080 (https)
2023-04-27T20:32:45.304-07:00  INFO 81416 --- [           main] o.apache.catalina.core.StandardService   : Starting service [Tomcat]
2023-04-27T20:32:45.304-07:00  INFO 81416 --- [           main] o.apache.catalina.core.StandardEngine    : Starting Servlet engine: [Apache Tomcat/10.1.5]
2023-04-27T20:32:45.325-07:00  INFO 81416 --- [           main] o.a.c.c.C.[Tomcat-5].[localhost].[/]     : Initializing Spring embedded WebApplicationContext
2023-04-27T20:32:45.325-07:00  INFO 81416 --- [           main] w.s.c.ServletWebServerApplicationContext : Root WebApplicationContext: initialization completed in 145 ms
2023-04-27T20:32:45.331-07:00  INFO 81416 --- [           main] com.zaxxer.hikari.HikariDataSource       : HikariPool-7 - Starting...
2023-04-27T20:32:45.332-07:00  INFO 81416 --- [           main] com.zaxxer.hikari.pool.HikariPool        : HikariPool-7 - Added connection conn56: url=jdbc:h2:mem:testdb user=SA
2023-04-27T20:32:45.332-07:00  INFO 81416 --- [           main] com.zaxxer.hikari.HikariDataSource       : HikariPool-7 - Start completed.
2023-04-27T20:32:45.333-07:00  INFO 81416 --- [           main] o.s.b.a.h2.H2ConsoleAutoConfiguration    : H2 console available at '/h2-console'. Database available at 'jdbc:h2:mem:testdb'
2023-04-27T20:32:45.345-07:00  INFO 81416 --- [           main] o.hibernate.jpa.internal.util.LogHelper  : HHH000204: Processing PersistenceUnitInfo [name: default]
2023-04-27T20:32:45.347-07:00  WARN 81416 --- [           main] org.hibernate.orm.deprecation            : HHH90000021: Encountered deprecated setting [javax.persistence.sharedCache.mode], use [jakarta.persistence.sharedCache.mode] instead
2023-04-27T20:32:45.349-07:00  INFO 81416 --- [           main] SQL dialect                              : HHH000400: Using dialect: org.hibernate.dialect.H2Dialect
2023-04-27T20:32:45.401-07:00  INFO 81416 --- [           main] o.h.e.t.j.p.i.JtaPlatformInitiator       : HHH000490: Using JtaPlatform implementation: [org.hibernate.engine.transaction.jta.platform.internal.NoJtaPlatform]
2023-04-27T20:32:45.402-07:00  INFO 81416 --- [           main] j.LocalContainerEntityManagerFactoryBean : Initialized JPA EntityManagerFactory for persistence unit 'default'
2023-04-27T20:32:45.444-07:00  WARN 81416 --- [           main] JpaBaseConfiguration$JpaWebConfiguration : spring.jpa.open-in-view is enabled by default. Therefore, database queries may be performed during view rendering. Explicitly configure spring.jpa.open-in-view to disable this warning
2023-04-27T20:32:45.470-07:00  INFO 81416 --- [           main] o.s.b.a.w.s.WelcomePageHandlerMapping    : Adding welcome page: class path resource [public/index.html]
2023-04-27T20:32:45.509-07:00  WARN 81416 --- [           main] ConfigServletWebServerApplicationContext : Exception encountered during context initialization - cancelling refresh attempt: org.springframework.context.ApplicationContextException: Failed to start bean 'webServerStartStop'
2023-04-27T20:32:45.510-07:00  INFO 81416 --- [           main] j.LocalContainerEntityManagerFactoryBean : Closing JPA EntityManagerFactory for persistence unit 'default'
2023-04-27T20:32:45.510-07:00  INFO 81416 --- [           main] .SchemaDropperImpl$DelayedDropActionImpl : HHH000477: Starting delayed evictData of schema as part of SessionFactory shut-down'
2023-04-27T20:32:45.513-07:00  INFO 81416 --- [           main] com.zaxxer.hikari.HikariDataSource       : HikariPool-7 - Shutdown initiated...
2023-04-27T20:32:45.517-07:00  INFO 81416 --- [           main] com.zaxxer.hikari.HikariDataSource       : HikariPool-7 - Shutdown completed.
2023-04-27T20:32:45.518-07:00  INFO 81416 --- [           main] o.apache.catalina.core.StandardService   : Stopping service [Tomcat]
2023-04-27T20:32:45.522-07:00  INFO 81416 --- [           main] .s.b.a.l.ConditionEvaluationReportLogger : 

Error starting ApplicationContext. To display the condition evaluation report re-run your application with 'debug' enabled.
2023-04-27T20:32:45.523-07:00 ERROR 81416 --- [           main] o.s.b.d.LoggingFailureAnalysisReporter   : 

***************************
APPLICATION FAILED TO START
***************************

Description:

Web server failed to start. Port 8080 was already in use.

Action:

Identify and stop the process that's listening on port 8080 or configure this application to listen on another port.

]]></system-out>
    <system-err><![CDATA[


============================
CONDITIONS EVALUATION REPORT
============================


Positive matches:
-----------------

    None


Negative matches:
-----------------

    None


Exclusions:
-----------

    None


Unconditional classes:
----------------------

    None



]]></system-err>
  </testcase>
  <testcase name="testing out the various parts of the Montage page - Can access montage page" classname="edu.usc.csci310.project.CucumberIntegrationTest" time="0.332">
    <error message="Failed to load ApplicationContext for [WebMergedContextConfiguration@43b8457f testClass = edu.usc.csci310.project.CucumberBootstrap, locations = [], classes = [edu.usc.csci310.project.SpringBootAPI], contextInitializerClasses = [], activeProfiles = [], propertySourceLocations = [], propertySourceProperties = [&quot;org.springframework.boot.test.context.SpringBootTestContextBootstrapper=true&quot;], contextCustomizers = [org.springframework.boot.test.context.filter.ExcludeFilterContextCustomizer@1a480135, org.springframework.boot.test.json.DuplicateJsonObjectContextCustomizerFactory$DuplicateJsonObjectContextCustomizer@6c1832aa, org.springframework.boot.test.mock.mockito.MockitoContextCustomizer@0, org.springframework.boot.test.web.client.TestRestTemplateContextCustomizer@3fbfbf84, org.springframework.boot.test.autoconfigure.actuate.observability.ObservabilityContextCustomizerFactory$DisableObservabilityContextCustomizer@9da1, org.springframework.boot.test.autoconfigure.properties.PropertyMappingContextCustomizer@0, org.springframework.boot.test.autoconfigure.web.servlet.WebDriverContextCustomizerFactory$Customizer@f446158, org.springframework.boot.test.context.SpringBootTestAnnotation@e0546028], resourceBasePath = &quot;src/main/webapp&quot;, contextLoader = org.springframework.boot.test.context.SpringBootContextLoader, parent = null]" type="java.lang.IllegalStateException">java.lang.IllegalStateException: Failed to load ApplicationContext for [WebMergedContextConfiguration@43b8457f testClass = edu.usc.csci310.project.CucumberBootstrap, locations = [], classes = [edu.usc.csci310.project.SpringBootAPI], contextInitializerClasses = [], activeProfiles = [], propertySourceLocations = [], propertySourceProperties = ["org.springframework.boot.test.context.SpringBootTestContextBootstrapper=true"], contextCustomizers = [org.springframework.boot.test.context.filter.ExcludeFilterContextCustomizer@1a480135, org.springframework.boot.test.json.DuplicateJsonObjectContextCustomizerFactory$DuplicateJsonObjectContextCustomizer@6c1832aa, org.springframework.boot.test.mock.mockito.MockitoContextCustomizer@0, org.springframework.boot.test.web.client.TestRestTemplateContextCustomizer@3fbfbf84, org.springframework.boot.test.autoconfigure.actuate.observability.ObservabilityContextCustomizerFactory$DisableObservabilityContextCustomizer@9da1, org.springframework.boot.test.autoconfigure.properties.PropertyMappingContextCustomizer@0, org.springframework.boot.test.autoconfigure.web.servlet.WebDriverContextCustomizerFactory$Customizer@f446158, org.springframework.boot.test.context.SpringBootTestAnnotation@e0546028], resourceBasePath = "src/main/webapp", contextLoader = org.springframework.boot.test.context.SpringBootContextLoader, parent = null]
Caused by: org.springframework.context.ApplicationContextException: Failed to start bean 'webServerStartStop'
Caused by: org.springframework.boot.web.server.PortInUseException: Port 8080 is already in use
Caused by: java.lang.IllegalArgumentException: standardService.connector.startFailed
Caused by: org.apache.catalina.LifecycleException: Protocol handler start failed
Caused by: java.net.BindException: Address already in use
</error>
    <system-out><![CDATA[2023-04-27T20:32:45.527-07:00  INFO 81416 --- [           main] t.c.s.AnnotationConfigContextLoaderUtils : Could not detect default configuration classes for test class [edu.usc.csci310.project.CucumberBootstrap]: CucumberBootstrap does not declare any static, non-private, non-final, nested classes annotated with @Configuration.
2023-04-27T20:32:45.528-07:00  INFO 81416 --- [           main] .b.t.c.SpringBootTestContextBootstrapper : Found @SpringBootConfiguration edu.usc.csci310.project.SpringBootAPI for test class edu.usc.csci310.project.CucumberBootstrap

  .   ____          _            __ _ _
 /\\ / ___'_ __ _ _(_)_ __  __ _ \ \ \ \
( ( )\___ | '_ | '_| | '_ \/ _` | \ \ \ \
 \\/  ___)| |_)| | | | | || (_| |  ) ) ) )
  '  |____| .__|_| |_|_| |_\__, | / / / /
 =========|_|==============|___/=/_/_/_/
 :: Spring Boot ::                (v3.0.2)

2023-04-27T20:32:45.542-07:00  INFO 81416 --- [           main] e.usc.csci310.project.CucumberBootstrap  : Starting CucumberBootstrap using Java 17.0.6 with PID 81416 (started by soheey in /Users/soheey/IdeaProjects/20231-project-team-5)
2023-04-27T20:32:45.542-07:00  INFO 81416 --- [           main] e.usc.csci310.project.CucumberBootstrap  : No active profile set, falling back to 1 default profile: "default"
2023-04-27T20:32:45.594-07:00  INFO 81416 --- [           main] .s.d.r.c.RepositoryConfigurationDelegate : Bootstrapping Spring Data JPA repositories in DEFAULT mode.
2023-04-27T20:32:45.598-07:00  INFO 81416 --- [           main] .s.d.r.c.RepositoryConfigurationDelegate : Finished Spring Data repository scanning in 3 ms. Found 3 JPA repository interfaces.
2023-04-27T20:32:45.648-07:00  INFO 81416 --- [           main] o.s.b.w.embedded.tomcat.TomcatWebServer  : Tomcat initialized with port(s): 8080 (https)
2023-04-27T20:32:45.649-07:00  INFO 81416 --- [           main] o.apache.catalina.core.StandardService   : Starting service [Tomcat]
2023-04-27T20:32:45.649-07:00  INFO 81416 --- [           main] o.apache.catalina.core.StandardEngine    : Starting Servlet engine: [Apache Tomcat/10.1.5]
2023-04-27T20:32:45.671-07:00  INFO 81416 --- [           main] o.a.c.c.C.[Tomcat-6].[localhost].[/]     : Initializing Spring embedded WebApplicationContext
2023-04-27T20:32:45.672-07:00  INFO 81416 --- [           main] w.s.c.ServletWebServerApplicationContext : Root WebApplicationContext: initialization completed in 129 ms
2023-04-27T20:32:45.678-07:00  INFO 81416 --- [           main] com.zaxxer.hikari.HikariDataSource       : HikariPool-8 - Starting...
2023-04-27T20:32:45.680-07:00  INFO 81416 --- [           main] com.zaxxer.hikari.pool.HikariPool        : HikariPool-8 - Added connection conn63: url=jdbc:h2:mem:testdb user=SA
2023-04-27T20:32:45.680-07:00  INFO 81416 --- [           main] com.zaxxer.hikari.HikariDataSource       : HikariPool-8 - Start completed.
2023-04-27T20:32:45.680-07:00  INFO 81416 --- [           main] o.s.b.a.h2.H2ConsoleAutoConfiguration    : H2 console available at '/h2-console'. Database available at 'jdbc:h2:mem:testdb'
2023-04-27T20:32:45.696-07:00  INFO 81416 --- [           main] o.hibernate.jpa.internal.util.LogHelper  : HHH000204: Processing PersistenceUnitInfo [name: default]
2023-04-27T20:32:45.698-07:00  WARN 81416 --- [           main] org.hibernate.orm.deprecation            : HHH90000021: Encountered deprecated setting [javax.persistence.sharedCache.mode], use [jakarta.persistence.sharedCache.mode] instead
2023-04-27T20:32:45.700-07:00  INFO 81416 --- [           main] SQL dialect                              : HHH000400: Using dialect: org.hibernate.dialect.H2Dialect
2023-04-27T20:32:45.749-07:00  INFO 81416 --- [           main] o.h.e.t.j.p.i.JtaPlatformInitiator       : HHH000490: Using JtaPlatform implementation: [org.hibernate.engine.transaction.jta.platform.internal.NoJtaPlatform]
2023-04-27T20:32:45.750-07:00  INFO 81416 --- [           main] j.LocalContainerEntityManagerFactoryBean : Initialized JPA EntityManagerFactory for persistence unit 'default'
2023-04-27T20:32:45.786-07:00  WARN 81416 --- [           main] JpaBaseConfiguration$JpaWebConfiguration : spring.jpa.open-in-view is enabled by default. Therefore, database queries may be performed during view rendering. Explicitly configure spring.jpa.open-in-view to disable this warning
2023-04-27T20:32:45.807-07:00  INFO 81416 --- [           main] o.s.b.a.w.s.WelcomePageHandlerMapping    : Adding welcome page: class path resource [public/index.html]
2023-04-27T20:32:45.835-07:00  WARN 81416 --- [           main] ConfigServletWebServerApplicationContext : Exception encountered during context initialization - cancelling refresh attempt: org.springframework.context.ApplicationContextException: Failed to start bean 'webServerStartStop'
2023-04-27T20:32:45.835-07:00  INFO 81416 --- [           main] j.LocalContainerEntityManagerFactoryBean : Closing JPA EntityManagerFactory for persistence unit 'default'
2023-04-27T20:32:45.835-07:00  INFO 81416 --- [           main] .SchemaDropperImpl$DelayedDropActionImpl : HHH000477: Starting delayed evictData of schema as part of SessionFactory shut-down'
2023-04-27T20:32:45.837-07:00  INFO 81416 --- [           main] com.zaxxer.hikari.HikariDataSource       : HikariPool-8 - Shutdown initiated...
2023-04-27T20:32:45.851-07:00  INFO 81416 --- [           main] com.zaxxer.hikari.HikariDataSource       : HikariPool-8 - Shutdown completed.
2023-04-27T20:32:45.851-07:00  INFO 81416 --- [           main] o.apache.catalina.core.StandardService   : Stopping service [Tomcat]
2023-04-27T20:32:45.855-07:00  INFO 81416 --- [           main] .s.b.a.l.ConditionEvaluationReportLogger : 

Error starting ApplicationContext. To display the condition evaluation report re-run your application with 'debug' enabled.
2023-04-27T20:32:45.857-07:00 ERROR 81416 --- [           main] o.s.b.d.LoggingFailureAnalysisReporter   : 

***************************
APPLICATION FAILED TO START
***************************

Description:

Web server failed to start. Port 8080 was already in use.

Action:

Identify and stop the process that's listening on port 8080 or configure this application to listen on another port.

]]></system-out>
    <system-err><![CDATA[


============================
CONDITIONS EVALUATION REPORT
============================


Positive matches:
-----------------

    None


Negative matches:
-----------------

    None


Exclusions:
-----------

    None


Unconditional classes:
----------------------

    None



]]></system-err>
  </testcase>
  <testcase name="opening the movies page - I will be just opening up the movie page" classname="edu.usc.csci310.project.CucumberIntegrationTest" time="0.335">
    <error message="Failed to load ApplicationContext for [WebMergedContextConfiguration@60786ef8 testClass = edu.usc.csci310.project.CucumberBootstrap, locations = [], classes = [edu.usc.csci310.project.SpringBootAPI], contextInitializerClasses = [], activeProfiles = [], propertySourceLocations = [], propertySourceProperties = [&quot;org.springframework.boot.test.context.SpringBootTestContextBootstrapper=true&quot;], contextCustomizers = [org.springframework.boot.test.context.filter.ExcludeFilterContextCustomizer@1a480135, org.springframework.boot.test.json.DuplicateJsonObjectContextCustomizerFactory$DuplicateJsonObjectContextCustomizer@6c1832aa, org.springframework.boot.test.mock.mockito.MockitoContextCustomizer@0, org.springframework.boot.test.web.client.TestRestTemplateContextCustomizer@3fbfbf84, org.springframework.boot.test.autoconfigure.actuate.observability.ObservabilityContextCustomizerFactory$DisableObservabilityContextCustomizer@9da1, org.springframework.boot.test.autoconfigure.properties.PropertyMappingContextCustomizer@0, org.springframework.boot.test.autoconfigure.web.servlet.WebDriverContextCustomizerFactory$Customizer@f446158, org.springframework.boot.test.context.SpringBootTestAnnotation@e0546028], resourceBasePath = &quot;src/main/webapp&quot;, contextLoader = org.springframework.boot.test.context.SpringBootContextLoader, parent = null]" type="java.lang.IllegalStateException">java.lang.IllegalStateException: Failed to load ApplicationContext for [WebMergedContextConfiguration@60786ef8 testClass = edu.usc.csci310.project.CucumberBootstrap, locations = [], classes = [edu.usc.csci310.project.SpringBootAPI], contextInitializerClasses = [], activeProfiles = [], propertySourceLocations = [], propertySourceProperties = ["org.springframework.boot.test.context.SpringBootTestContextBootstrapper=true"], contextCustomizers = [org.springframework.boot.test.context.filter.ExcludeFilterContextCustomizer@1a480135, org.springframework.boot.test.json.DuplicateJsonObjectContextCustomizerFactory$DuplicateJsonObjectContextCustomizer@6c1832aa, org.springframework.boot.test.mock.mockito.MockitoContextCustomizer@0, org.springframework.boot.test.web.client.TestRestTemplateContextCustomizer@3fbfbf84, org.springframework.boot.test.autoconfigure.actuate.observability.ObservabilityContextCustomizerFactory$DisableObservabilityContextCustomizer@9da1, org.springframework.boot.test.autoconfigure.properties.PropertyMappingContextCustomizer@0, org.springframework.boot.test.autoconfigure.web.servlet.WebDriverContextCustomizerFactory$Customizer@f446158, org.springframework.boot.test.context.SpringBootTestAnnotation@e0546028], resourceBasePath = "src/main/webapp", contextLoader = org.springframework.boot.test.context.SpringBootContextLoader, parent = null]
Caused by: org.springframework.context.ApplicationContextException: Failed to start bean 'webServerStartStop'
Caused by: org.springframework.boot.web.server.PortInUseException: Port 8080 is already in use
Caused by: java.lang.IllegalArgumentException: standardService.connector.startFailed
Caused by: org.apache.catalina.LifecycleException: Protocol handler start failed
Caused by: java.net.BindException: Address already in use
</error>
    <system-out><![CDATA[2023-04-27T20:32:45.863-07:00  INFO 81416 --- [           main] t.c.s.AnnotationConfigContextLoaderUtils : Could not detect default configuration classes for test class [edu.usc.csci310.project.CucumberBootstrap]: CucumberBootstrap does not declare any static, non-private, non-final, nested classes annotated with @Configuration.
2023-04-27T20:32:45.864-07:00  INFO 81416 --- [           main] .b.t.c.SpringBootTestContextBootstrapper : Found @SpringBootConfiguration edu.usc.csci310.project.SpringBootAPI for test class edu.usc.csci310.project.CucumberBootstrap

  .   ____          _            __ _ _
 /\\ / ___'_ __ _ _(_)_ __  __ _ \ \ \ \
( ( )\___ | '_ | '_| | '_ \/ _` | \ \ \ \
 \\/  ___)| |_)| | | | | || (_| |  ) ) ) )
  '  |____| .__|_| |_|_| |_\__, | / / / /
 =========|_|==============|___/=/_/_/_/
 :: Spring Boot ::                (v3.0.2)

2023-04-27T20:32:45.877-07:00  INFO 81416 --- [           main] e.usc.csci310.project.CucumberBootstrap  : Starting CucumberBootstrap using Java 17.0.6 with PID 81416 (started by soheey in /Users/soheey/IdeaProjects/20231-project-team-5)
2023-04-27T20:32:45.877-07:00  INFO 81416 --- [           main] e.usc.csci310.project.CucumberBootstrap  : No active profile set, falling back to 1 default profile: "default"
2023-04-27T20:32:45.937-07:00  INFO 81416 --- [           main] .s.d.r.c.RepositoryConfigurationDelegate : Bootstrapping Spring Data JPA repositories in DEFAULT mode.
2023-04-27T20:32:45.943-07:00  INFO 81416 --- [           main] .s.d.r.c.RepositoryConfigurationDelegate : Finished Spring Data repository scanning in 5 ms. Found 3 JPA repository interfaces.
2023-04-27T20:32:45.989-07:00  INFO 81416 --- [           main] o.s.b.w.embedded.tomcat.TomcatWebServer  : Tomcat initialized with port(s): 8080 (https)
2023-04-27T20:32:45.989-07:00  INFO 81416 --- [           main] o.apache.catalina.core.StandardService   : Starting service [Tomcat]
2023-04-27T20:32:45.990-07:00  INFO 81416 --- [           main] o.apache.catalina.core.StandardEngine    : Starting Servlet engine: [Apache Tomcat/10.1.5]
2023-04-27T20:32:46.011-07:00  INFO 81416 --- [           main] o.a.c.c.C.[Tomcat-7].[localhost].[/]     : Initializing Spring embedded WebApplicationContext
2023-04-27T20:32:46.012-07:00  INFO 81416 --- [           main] w.s.c.ServletWebServerApplicationContext : Root WebApplicationContext: initialization completed in 134 ms
2023-04-27T20:32:46.018-07:00  INFO 81416 --- [           main] com.zaxxer.hikari.HikariDataSource       : HikariPool-9 - Starting...
2023-04-27T20:32:46.018-07:00  INFO 81416 --- [           main] com.zaxxer.hikari.pool.HikariPool        : HikariPool-9 - Added connection conn69: url=jdbc:h2:mem:testdb user=SA
2023-04-27T20:32:46.019-07:00  INFO 81416 --- [           main] com.zaxxer.hikari.HikariDataSource       : HikariPool-9 - Start completed.
2023-04-27T20:32:46.019-07:00  INFO 81416 --- [           main] o.s.b.a.h2.H2ConsoleAutoConfiguration    : H2 console available at '/h2-console'. Database available at 'jdbc:h2:mem:testdb'
2023-04-27T20:32:46.030-07:00  INFO 81416 --- [           main] o.hibernate.jpa.internal.util.LogHelper  : HHH000204: Processing PersistenceUnitInfo [name: default]
2023-04-27T20:32:46.032-07:00  WARN 81416 --- [           main] org.hibernate.orm.deprecation            : HHH90000021: Encountered deprecated setting [javax.persistence.sharedCache.mode], use [jakarta.persistence.sharedCache.mode] instead
2023-04-27T20:32:46.034-07:00  INFO 81416 --- [           main] SQL dialect                              : HHH000400: Using dialect: org.hibernate.dialect.H2Dialect
2023-04-27T20:32:46.086-07:00  INFO 81416 --- [           main] o.h.e.t.j.p.i.JtaPlatformInitiator       : HHH000490: Using JtaPlatform implementation: [org.hibernate.engine.transaction.jta.platform.internal.NoJtaPlatform]
2023-04-27T20:32:46.086-07:00  INFO 81416 --- [           main] j.LocalContainerEntityManagerFactoryBean : Initialized JPA EntityManagerFactory for persistence unit 'default'
2023-04-27T20:32:46.123-07:00  WARN 81416 --- [           main] JpaBaseConfiguration$JpaWebConfiguration : spring.jpa.open-in-view is enabled by default. Therefore, database queries may be performed during view rendering. Explicitly configure spring.jpa.open-in-view to disable this warning
2023-04-27T20:32:46.149-07:00  INFO 81416 --- [           main] o.s.b.a.w.s.WelcomePageHandlerMapping    : Adding welcome page: class path resource [public/index.html]
2023-04-27T20:32:46.181-07:00  WARN 81416 --- [           main] ConfigServletWebServerApplicationContext : Exception encountered during context initialization - cancelling refresh attempt: org.springframework.context.ApplicationContextException: Failed to start bean 'webServerStartStop'
2023-04-27T20:32:46.182-07:00  INFO 81416 --- [           main] j.LocalContainerEntityManagerFactoryBean : Closing JPA EntityManagerFactory for persistence unit 'default'
2023-04-27T20:32:46.182-07:00  INFO 81416 --- [           main] .SchemaDropperImpl$DelayedDropActionImpl : HHH000477: Starting delayed evictData of schema as part of SessionFactory shut-down'
2023-04-27T20:32:46.184-07:00  INFO 81416 --- [           main] com.zaxxer.hikari.HikariDataSource       : HikariPool-9 - Shutdown initiated...
2023-04-27T20:32:46.188-07:00  INFO 81416 --- [           main] com.zaxxer.hikari.HikariDataSource       : HikariPool-9 - Shutdown completed.
2023-04-27T20:32:46.188-07:00  INFO 81416 --- [           main] o.apache.catalina.core.StandardService   : Stopping service [Tomcat]
2023-04-27T20:32:46.193-07:00  INFO 81416 --- [           main] .s.b.a.l.ConditionEvaluationReportLogger : 

Error starting ApplicationContext. To display the condition evaluation report re-run your application with 'debug' enabled.
2023-04-27T20:32:46.194-07:00 ERROR 81416 --- [           main] o.s.b.d.LoggingFailureAnalysisReporter   : 

***************************
APPLICATION FAILED TO START
***************************

Description:

Web server failed to start. Port 8080 was already in use.

Action:

Identify and stop the process that's listening on port 8080 or configure this application to listen on another port.

]]></system-out>
    <system-err><![CDATA[


============================
CONDITIONS EVALUATION REPORT
============================


Positive matches:
-----------------

    None


Negative matches:
-----------------

    None


Exclusions:
-----------

    None


Unconditional classes:
----------------------

    None



]]></system-err>
  </testcase>
  <testcase name="testing out the various parts of the Search page - open page and enter a movie search and then click the submit button" classname="edu.usc.csci310.project.CucumberIntegrationTest" time="0.326">
    <error message="Failed to load ApplicationContext for [WebMergedContextConfiguration@29bb0e19 testClass = edu.usc.csci310.project.CucumberBootstrap, locations = [], classes = [edu.usc.csci310.project.SpringBootAPI], contextInitializerClasses = [], activeProfiles = [], propertySourceLocations = [], propertySourceProperties = [&quot;org.springframework.boot.test.context.SpringBootTestContextBootstrapper=true&quot;], contextCustomizers = [org.springframework.boot.test.context.filter.ExcludeFilterContextCustomizer@1a480135, org.springframework.boot.test.json.DuplicateJsonObjectContextCustomizerFactory$DuplicateJsonObjectContextCustomizer@6c1832aa, org.springframework.boot.test.mock.mockito.MockitoContextCustomizer@0, org.springframework.boot.test.web.client.TestRestTemplateContextCustomizer@3fbfbf84, org.springframework.boot.test.autoconfigure.actuate.observability.ObservabilityContextCustomizerFactory$DisableObservabilityContextCustomizer@9da1, org.springframework.boot.test.autoconfigure.properties.PropertyMappingContextCustomizer@0, org.springframework.boot.test.autoconfigure.web.servlet.WebDriverContextCustomizerFactory$Customizer@f446158, org.springframework.boot.test.context.SpringBootTestAnnotation@e0546028], resourceBasePath = &quot;src/main/webapp&quot;, contextLoader = org.springframework.boot.test.context.SpringBootContextLoader, parent = null]" type="java.lang.IllegalStateException">java.lang.IllegalStateException: Failed to load ApplicationContext for [WebMergedContextConfiguration@29bb0e19 testClass = edu.usc.csci310.project.CucumberBootstrap, locations = [], classes = [edu.usc.csci310.project.SpringBootAPI], contextInitializerClasses = [], activeProfiles = [], propertySourceLocations = [], propertySourceProperties = ["org.springframework.boot.test.context.SpringBootTestContextBootstrapper=true"], contextCustomizers = [org.springframework.boot.test.context.filter.ExcludeFilterContextCustomizer@1a480135, org.springframework.boot.test.json.DuplicateJsonObjectContextCustomizerFactory$DuplicateJsonObjectContextCustomizer@6c1832aa, org.springframework.boot.test.mock.mockito.MockitoContextCustomizer@0, org.springframework.boot.test.web.client.TestRestTemplateContextCustomizer@3fbfbf84, org.springframework.boot.test.autoconfigure.actuate.observability.ObservabilityContextCustomizerFactory$DisableObservabilityContextCustomizer@9da1, org.springframework.boot.test.autoconfigure.properties.PropertyMappingContextCustomizer@0, org.springframework.boot.test.autoconfigure.web.servlet.WebDriverContextCustomizerFactory$Customizer@f446158, org.springframework.boot.test.context.SpringBootTestAnnotation@e0546028], resourceBasePath = "src/main/webapp", contextLoader = org.springframework.boot.test.context.SpringBootContextLoader, parent = null]
Caused by: org.springframework.context.ApplicationContextException: Failed to start bean 'webServerStartStop'
Caused by: org.springframework.boot.web.server.PortInUseException: Port 8080 is already in use
Caused by: java.lang.IllegalArgumentException: standardService.connector.startFailed
Caused by: org.apache.catalina.LifecycleException: Protocol handler start failed
Caused by: java.net.BindException: Address already in use
</error>
    <system-out><![CDATA[2023-04-27T20:32:46.198-07:00  INFO 81416 --- [           main] t.c.s.AnnotationConfigContextLoaderUtils : Could not detect default configuration classes for test class [edu.usc.csci310.project.CucumberBootstrap]: CucumberBootstrap does not declare any static, non-private, non-final, nested classes annotated with @Configuration.
2023-04-27T20:32:46.199-07:00  INFO 81416 --- [           main] .b.t.c.SpringBootTestContextBootstrapper : Found @SpringBootConfiguration edu.usc.csci310.project.SpringBootAPI for test class edu.usc.csci310.project.CucumberBootstrap

  .   ____          _            __ _ _
 /\\ / ___'_ __ _ _(_)_ __  __ _ \ \ \ \
( ( )\___ | '_ | '_| | '_ \/ _` | \ \ \ \
 \\/  ___)| |_)| | | | | || (_| |  ) ) ) )
  '  |____| .__|_| |_|_| |_\__, | / / / /
 =========|_|==============|___/=/_/_/_/
 :: Spring Boot ::                (v3.0.2)

2023-04-27T20:32:46.212-07:00  INFO 81416 --- [           main] e.usc.csci310.project.CucumberBootstrap  : Starting CucumberBootstrap using Java 17.0.6 with PID 81416 (started by soheey in /Users/soheey/IdeaProjects/20231-project-team-5)
2023-04-27T20:32:46.213-07:00  INFO 81416 --- [           main] e.usc.csci310.project.CucumberBootstrap  : No active profile set, falling back to 1 default profile: "default"
2023-04-27T20:32:46.263-07:00  INFO 81416 --- [           main] .s.d.r.c.RepositoryConfigurationDelegate : Bootstrapping Spring Data JPA repositories in DEFAULT mode.
2023-04-27T20:32:46.267-07:00  INFO 81416 --- [           main] .s.d.r.c.RepositoryConfigurationDelegate : Finished Spring Data repository scanning in 4 ms. Found 3 JPA repository interfaces.
2023-04-27T20:32:46.313-07:00  INFO 81416 --- [           main] o.s.b.w.embedded.tomcat.TomcatWebServer  : Tomcat initialized with port(s): 8080 (https)
2023-04-27T20:32:46.314-07:00  INFO 81416 --- [           main] o.apache.catalina.core.StandardService   : Starting service [Tomcat]
2023-04-27T20:32:46.314-07:00  INFO 81416 --- [           main] o.apache.catalina.core.StandardEngine    : Starting Servlet engine: [Apache Tomcat/10.1.5]
2023-04-27T20:32:46.338-07:00  INFO 81416 --- [           main] o.a.c.c.C.[Tomcat-8].[localhost].[/]     : Initializing Spring embedded WebApplicationContext
2023-04-27T20:32:46.338-07:00  INFO 81416 --- [           main] w.s.c.ServletWebServerApplicationContext : Root WebApplicationContext: initialization completed in 124 ms
2023-04-27T20:32:46.345-07:00  INFO 81416 --- [           main] com.zaxxer.hikari.HikariDataSource       : HikariPool-10 - Starting...
2023-04-27T20:32:46.346-07:00  INFO 81416 --- [           main] com.zaxxer.hikari.pool.HikariPool        : HikariPool-10 - Added connection conn75: url=jdbc:h2:mem:testdb user=SA
2023-04-27T20:32:46.346-07:00  INFO 81416 --- [           main] com.zaxxer.hikari.HikariDataSource       : HikariPool-10 - Start completed.
2023-04-27T20:32:46.346-07:00  INFO 81416 --- [           main] o.s.b.a.h2.H2ConsoleAutoConfiguration    : H2 console available at '/h2-console'. Database available at 'jdbc:h2:mem:testdb'
2023-04-27T20:32:46.361-07:00  INFO 81416 --- [           main] o.hibernate.jpa.internal.util.LogHelper  : HHH000204: Processing PersistenceUnitInfo [name: default]
2023-04-27T20:32:46.363-07:00  WARN 81416 --- [           main] org.hibernate.orm.deprecation            : HHH90000021: Encountered deprecated setting [javax.persistence.sharedCache.mode], use [jakarta.persistence.sharedCache.mode] instead
2023-04-27T20:32:46.366-07:00  INFO 81416 --- [           main] SQL dialect                              : HHH000400: Using dialect: org.hibernate.dialect.H2Dialect
2023-04-27T20:32:46.415-07:00  INFO 81416 --- [           main] o.h.e.t.j.p.i.JtaPlatformInitiator       : HHH000490: Using JtaPlatform implementation: [org.hibernate.engine.transaction.jta.platform.internal.NoJtaPlatform]
2023-04-27T20:32:46.415-07:00  INFO 81416 --- [           main] j.LocalContainerEntityManagerFactoryBean : Initialized JPA EntityManagerFactory for persistence unit 'default'
2023-04-27T20:32:46.448-07:00  WARN 81416 --- [           main] JpaBaseConfiguration$JpaWebConfiguration : spring.jpa.open-in-view is enabled by default. Therefore, database queries may be performed during view rendering. Explicitly configure spring.jpa.open-in-view to disable this warning
2023-04-27T20:32:46.483-07:00  INFO 81416 --- [           main] o.s.b.a.w.s.WelcomePageHandlerMapping    : Adding welcome page: class path resource [public/index.html]
2023-04-27T20:32:46.509-07:00  WARN 81416 --- [           main] ConfigServletWebServerApplicationContext : Exception encountered during context initialization - cancelling refresh attempt: org.springframework.context.ApplicationContextException: Failed to start bean 'webServerStartStop'
2023-04-27T20:32:46.510-07:00  INFO 81416 --- [           main] j.LocalContainerEntityManagerFactoryBean : Closing JPA EntityManagerFactory for persistence unit 'default'
2023-04-27T20:32:46.510-07:00  INFO 81416 --- [           main] .SchemaDropperImpl$DelayedDropActionImpl : HHH000477: Starting delayed evictData of schema as part of SessionFactory shut-down'
2023-04-27T20:32:46.513-07:00  INFO 81416 --- [           main] com.zaxxer.hikari.HikariDataSource       : HikariPool-10 - Shutdown initiated...
2023-04-27T20:32:46.515-07:00  INFO 81416 --- [           main] com.zaxxer.hikari.HikariDataSource       : HikariPool-10 - Shutdown completed.
2023-04-27T20:32:46.516-07:00  INFO 81416 --- [           main] o.apache.catalina.core.StandardService   : Stopping service [Tomcat]
2023-04-27T20:32:46.521-07:00  INFO 81416 --- [           main] .s.b.a.l.ConditionEvaluationReportLogger : 

Error starting ApplicationContext. To display the condition evaluation report re-run your application with 'debug' enabled.
2023-04-27T20:32:46.522-07:00 ERROR 81416 --- [           main] o.s.b.d.LoggingFailureAnalysisReporter   : 

***************************
APPLICATION FAILED TO START
***************************

Description:

Web server failed to start. Port 8080 was already in use.

Action:

Identify and stop the process that's listening on port 8080 or configure this application to listen on another port.

]]></system-out>
    <system-err><![CDATA[


============================
CONDITIONS EVALUATION REPORT
============================


Positive matches:
-----------------

    None


Negative matches:
-----------------

    None


Exclusions:
-----------

    None


Unconditional classes:
----------------------

    None



]]></system-err>
  </testcase>
[...]



]]></system-err>
  </testcase>
  <testcase name="testing out the various parts of the signup page - open the page and enter a valid email, invalid passwords" classname="edu.usc.csci310.project.CucumberIntegrationTest" time="0.422">
    <error message="Failed to load ApplicationContext for [WebMergedContextConfiguration@39dda03e testClass = edu.usc.csci310.project.CucumberBootstrap, locations = [], classes = [edu.usc.csci310.project.SpringBootAPI], contextInitializerClasses = [], activeProfiles = [], propertySourceLocations = [], propertySourceProperties = [&quot;org.springframework.boot.test.context.SpringBootTestContextBootstrapper=true&quot;], contextCustomizers = [org.springframework.boot.test.context.filter.ExcludeFilterContextCustomizer@1a480135, org.springframework.boot.test.json.DuplicateJsonObjectContextCustomizerFactory$DuplicateJsonObjectContextCustomizer@6c1832aa, org.springframework.boot.test.mock.mockito.MockitoContextCustomizer@0, org.springframework.boot.test.web.client.TestRestTemplateContextCustomizer@3fbfbf84, org.springframework.boot.test.autoconfigure.actuate.observability.ObservabilityContextCustomizerFactory$DisableObservabilityContextCustomizer@9da1, org.springframework.boot.test.autoconfigure.properties.PropertyMappingContextCustomizer@0, org.springframework.boot.test.autoconfigure.web.servlet.WebDriverContextCustomizerFactory$Customizer@f446158, org.springframework.boot.test.context.SpringBootTestAnnotation@e0546028], resourceBasePath = &quot;src/main/webapp&quot;, contextLoader = org.springframework.boot.test.context.SpringBootContextLoader, parent = null]" type="java.lang.IllegalStateException">java.lang.IllegalStateException: Failed to load ApplicationContext for [WebMergedContextConfiguration@39dda03e testClass = edu.usc.csci310.project.CucumberBootstrap, locations = [], classes = [edu.usc.csci310.project.SpringBootAPI], contextInitializerClasses = [], activeProfiles = [], propertySourceLocations = [], propertySourceProperties = ["org.springframework.boot.test.context.SpringBootTestContextBootstrapper=true"], contextCustomizers = [org.springframework.boot.test.context.filter.ExcludeFilterContextCustomizer@1a480135, org.springframework.boot.test.json.DuplicateJsonObjectContextCustomizerFactory$DuplicateJsonObjectContextCustomizer@6c1832aa, org.springframework.boot.test.mock.mockito.MockitoContextCustomizer@0, org.springframework.boot.test.web.client.TestRestTemplateContextCustomizer@3fbfbf84, org.springframework.boot.test.autoconfigure.actuate.observability.ObservabilityContextCustomizerFactory$DisableObservabilityContextCustomizer@9da1, org.springframework.boot.test.autoconfigure.properties.PropertyMappingContextCustomizer@0, org.springframework.boot.test.autoconfigure.web.servlet.WebDriverContextCustomizerFactory$Customizer@f446158, org.springframework.boot.test.context.SpringBootTestAnnotation@e0546028], resourceBasePath = "src/main/webapp", contextLoader = org.springframework.boot.test.context.SpringBootContextLoader, parent = null]
Caused by: org.springframework.context.ApplicationContextException: Failed to start bean 'webServerStartStop'
Caused by: org.springframework.boot.web.server.PortInUseException: Port 8080 is already in use
Caused by: java.lang.IllegalArgumentException: standardService.connector.startFailed
Caused by: org.apache.catalina.LifecycleException: Protocol handler start failed
Caused by: java.net.BindException: Address already in use
</error>
    <system-out><![CDATA[2023-04-27T20:32:48.103-07:00  INFO 81416 --- [           main] t.c.s.AnnotationConfigContextLoaderUtils : Could not detect default configuration classes for test class [edu.usc.csci310.project.CucumberBootstrap]: CucumberBootstrap does not declare any static, non-private, non-final, nested classes annotated with @Configuration.
2023-04-27T20:32:48.103-07:00  INFO 81416 --- [           main] .b.t.c.SpringBootTestContextBootstrapper : Found @SpringBootConfiguration edu.usc.csci310.project.SpringBootAPI for test class edu.usc.csci310.project.CucumberBootstrap

  .   ____          _            __ _ _
 /\\ / ___'_ __ _ _(_)_ __  __ _ \ \ \ \
( ( )\___ | '_ | '_| | '_ \/ _` | \ \ \ \
 \\/  ___)| |_)| | | | | || (_| |  ) ) ) )
  '  |____| .__|_| |_|_| |_\__, | / / / /
 =========|_|==============|___/=/_/_/_/
 :: Spring Boot ::                (v3.0.2)

2023-04-27T20:32:48.120-07:00  INFO 81416 --- [           main] e.usc.csci310.project.CucumberBootstrap  : Starting CucumberBootstrap using Java 17.0.6 with PID 81416 (started by soheey in /Users/soheey/IdeaProjects/20231-project-team-5)
2023-04-27T20:32:48.120-07:00  INFO 81416 --- [           main] e.usc.csci310.project.CucumberBootstrap  : No active profile set, falling back to 1 default profile: "default"
2023-04-27T20:32:48.184-07:00  INFO 81416 --- [           main] .s.d.r.c.RepositoryConfigurationDelegate : Bootstrapping Spring Data JPA repositories in DEFAULT mode.
2023-04-27T20:32:48.189-07:00  INFO 81416 --- [           main] .s.d.r.c.RepositoryConfigurationDelegate : Finished Spring Data repository scanning in 4 ms. Found 3 JPA repository interfaces.
2023-04-27T20:32:48.261-07:00  INFO 81416 --- [           main] o.s.b.w.embedded.tomcat.TomcatWebServer  : Tomcat initialized with port(s): 8080 (https)
2023-04-27T20:32:48.262-07:00  INFO 81416 --- [           main] o.apache.catalina.core.StandardService   : Starting service [Tomcat]
2023-04-27T20:32:48.262-07:00  INFO 81416 --- [           main] o.apache.catalina.core.StandardEngine    : Starting Servlet engine: [Apache Tomcat/10.1.5]
2023-04-27T20:32:48.285-07:00  INFO 81416 --- [           main] o.a.c.c.C.[Tomcat-14].[localhost].[/]    : Initializing Spring embedded WebApplicationContext
2023-04-27T20:32:48.285-07:00  INFO 81416 --- [           main] w.s.c.ServletWebServerApplicationContext : Root WebApplicationContext: initialization completed in 164 ms
2023-04-27T20:32:48.293-07:00  INFO 81416 --- [           main] com.zaxxer.hikari.HikariDataSource       : HikariPool-16 - Starting...
2023-04-27T20:32:48.294-07:00  INFO 81416 --- [           main] com.zaxxer.hikari.pool.HikariPool        : HikariPool-16 - Added connection conn107: url=jdbc:h2:mem:testdb user=SA
2023-04-27T20:32:48.294-07:00  INFO 81416 --- [           main] com.zaxxer.hikari.HikariDataSource       : HikariPool-16 - Start completed.
2023-04-27T20:32:48.294-07:00  INFO 81416 --- [           main] o.s.b.a.h2.H2ConsoleAutoConfiguration    : H2 console available at '/h2-console'. Database available at 'jdbc:h2:mem:testdb'
2023-04-27T20:32:48.315-07:00  INFO 81416 --- [           main] o.hibernate.jpa.internal.util.LogHelper  : HHH000204: Processing PersistenceUnitInfo [name: default]
2023-04-27T20:32:48.317-07:00  WARN 81416 --- [           main] org.hibernate.orm.deprecation            : HHH90000021: Encountered deprecated setting [javax.persistence.sharedCache.mode], use [jakarta.persistence.sharedCache.mode] instead
2023-04-27T20:32:48.321-07:00  INFO 81416 --- [           main] SQL dialect                              : HHH000400: Using dialect: org.hibernate.dialect.H2Dialect
2023-04-27T20:32:48.373-07:00  INFO 81416 --- [           main] o.h.e.t.j.p.i.JtaPlatformInitiator       : HHH000490: Using JtaPlatform implementation: [org.hibernate.engine.transaction.jta.platform.internal.NoJtaPlatform]
2023-04-27T20:32:48.373-07:00  INFO 81416 --- [           main] j.LocalContainerEntityManagerFactoryBean : Initialized JPA EntityManagerFactory for persistence unit 'default'
2023-04-27T20:32:48.420-07:00  WARN 81416 --- [           main] JpaBaseConfiguration$JpaWebConfiguration : spring.jpa.open-in-view is enabled by default. Therefore, database queries may be performed during view rendering. Explicitly configure spring.jpa.open-in-view to disable this warning
2023-04-27T20:32:48.469-07:00  INFO 81416 --- [           main] o.s.b.a.w.s.WelcomePageHandlerMapping    : Adding welcome page: class path resource [public/index.html]
2023-04-27T20:32:48.512-07:00  WARN 81416 --- [           main] ConfigServletWebServerApplicationContext : Exception encountered during context initialization - cancelling refresh attempt: org.springframework.context.ApplicationContextException: Failed to start bean 'webServerStartStop'
2023-04-27T20:32:48.512-07:00  INFO 81416 --- [           main] j.LocalContainerEntityManagerFactoryBean : Closing JPA EntityManagerFactory for persistence unit 'default'
2023-04-27T20:32:48.513-07:00  INFO 81416 --- [           main] .SchemaDropperImpl$DelayedDropActionImpl : HHH000477: Starting delayed evictData of schema as part of SessionFactory shut-down'
2023-04-27T20:32:48.514-07:00  INFO 81416 --- [           main] com.zaxxer.hikari.HikariDataSource       : HikariPool-16 - Shutdown initiated...
2023-04-27T20:32:48.515-07:00  INFO 81416 --- [           main] com.zaxxer.hikari.HikariDataSource       : HikariPool-16 - Shutdown completed.
2023-04-27T20:32:48.516-07:00  INFO 81416 --- [           main] o.apache.catalina.core.StandardService   : Stopping service [Tomcat]
2023-04-27T20:32:48.521-07:00  INFO 81416 --- [           main] .s.b.a.l.ConditionEvaluationReportLogger : 

Error starting ApplicationContext. To display the condition evaluation report re-run your application with 'debug' enabled.
2023-04-27T20:32:48.522-07:00 ERROR 81416 --- [           main] o.s.b.d.LoggingFailureAnalysisReporter   : 

***************************
APPLICATION FAILED TO START
***************************

Description:

Web server failed to start. Port 8080 was already in use.

Action:

Identify and stop the process that's listening on port 8080 or configure this application to listen on another port.

]]></system-out>
    <system-err><![CDATA[


============================
CONDITIONS EVALUATION REPORT
============================


Positive matches:
-----------------

    None


Negative matches:
-----------------

    None


Exclusions:
-----------

    None


Unconditional classes:
----------------------

    None



]]></system-err>
  </testcase>
  <testcase name="testing out the user list page - open page and enter a movie search and then click the submit button" classname="edu.usc.csci310.project.CucumberIntegrationTest" time="0.342">
    <error message="Failed to load ApplicationContext for [WebMergedContextConfiguration@345b4f84 testClass = edu.usc.csci310.project.CucumberBootstrap, locations = [], classes = [edu.usc.csci310.project.SpringBootAPI], contextInitializerClasses = [], activeProfiles = [], propertySourceLocations = [], propertySourceProperties = [&quot;org.springframework.boot.test.context.SpringBootTestContextBootstrapper=true&quot;], contextCustomizers = [org.springframework.boot.test.context.filter.ExcludeFilterContextCustomizer@1a480135, org.springframework.boot.test.json.DuplicateJsonObjectContextCustomizerFactory$DuplicateJsonObjectContextCustomizer@6c1832aa, org.springframework.boot.test.mock.mockito.MockitoContextCustomizer@0, org.springframework.boot.test.web.client.TestRestTemplateContextCustomizer@3fbfbf84, org.springframework.boot.test.autoconfigure.actuate.observability.ObservabilityContextCustomizerFactory$DisableObservabilityContextCustomizer@9da1, org.springframework.boot.test.autoconfigure.properties.PropertyMappingContextCustomizer@0, org.springframework.boot.test.autoconfigure.web.servlet.WebDriverContextCustomizerFactory$Customizer@f446158, org.springframework.boot.test.context.SpringBootTestAnnotation@e0546028], resourceBasePath = &quot;src/main/webapp&quot;, contextLoader = org.springframework.boot.test.context.SpringBootContextLoader, parent = null]" type="java.lang.IllegalStateException">java.lang.IllegalStateException: Failed to load ApplicationContext for [WebMergedContextConfiguration@345b4f84 testClass = edu.usc.csci310.project.CucumberBootstrap, locations = [], classes = [edu.usc.csci310.project.SpringBootAPI], contextInitializerClasses = [], activeProfiles = [], propertySourceLocations = [], propertySourceProperties = ["org.springframework.boot.test.context.SpringBootTestContextBootstrapper=true"], contextCustomizers = [org.springframework.boot.test.context.filter.ExcludeFilterContextCustomizer@1a480135, org.springframework.boot.test.json.DuplicateJsonObjectContextCustomizerFactory$DuplicateJsonObjectContextCustomizer@6c1832aa, org.springframework.boot.test.mock.mockito.MockitoContextCustomizer@0, org.springframework.boot.test.web.client.TestRestTemplateContextCustomizer@3fbfbf84, org.springframework.boot.test.autoconfigure.actuate.observability.ObservabilityContextCustomizerFactory$DisableObservabilityContextCustomizer@9da1, org.springframework.boot.test.autoconfigure.properties.PropertyMappingContextCustomizer@0, org.springframework.boot.test.autoconfigure.web.servlet.WebDriverContextCustomizerFactory$Customizer@f446158, org.springframework.boot.test.context.SpringBootTestAnnotation@e0546028], resourceBasePath = "src/main/webapp", contextLoader = org.springframework.boot.test.context.SpringBootContextLoader, parent = null]
Caused by: org.springframework.context.ApplicationContextException: Failed to start bean 'webServerStartStop'
Caused by: org.springframework.boot.web.server.PortInUseException: Port 8080 is already in use
Caused by: java.lang.IllegalArgumentException: standardService.connector.startFailed
Caused by: org.apache.catalina.LifecycleException: Protocol handler start failed
Caused by: java.net.BindException: Address already in use
</error>
    <system-out><![CDATA[2023-04-27T20:32:48.569-07:00  INFO 81416 --- [           main] t.c.s.AnnotationConfigContextLoaderUtils : Could not detect default configuration classes for test class [edu.usc.csci310.project.CucumberBootstrap]: CucumberBootstrap does not declare any static, non-private, non-final, nested classes annotated with @Configuration.
2023-04-27T20:32:48.570-07:00  INFO 81416 --- [           main] .b.t.c.SpringBootTestContextBootstrapper : Found @SpringBootConfiguration edu.usc.csci310.project.SpringBootAPI for test class edu.usc.csci310.project.CucumberBootstrap

  .   ____          _            __ _ _
 /\\ / ___'_ __ _ _(_)_ __  __ _ \ \ \ \
( ( )\___ | '_ | '_| | '_ \/ _` | \ \ \ \
 \\/  ___)| |_)| | | | | || (_| |  ) ) ) )
  '  |____| .__|_| |_|_| |_\__, | / / / /
 =========|_|==============|___/=/_/_/_/
 :: Spring Boot ::                (v3.0.2)

2023-04-27T20:32:48.585-07:00  INFO 81416 --- [           main] e.usc.csci310.project.CucumberBootstrap  : Starting CucumberBootstrap using Java 17.0.6 with PID 81416 (started by soheey in /Users/soheey/IdeaProjects/20231-project-team-5)
2023-04-27T20:32:48.586-07:00  INFO 81416 --- [           main] e.usc.csci310.project.CucumberBootstrap  : No active profile set, falling back to 1 default profile: "default"
2023-04-27T20:32:48.632-07:00  INFO 81416 --- [           main] .s.d.r.c.RepositoryConfigurationDelegate : Bootstrapping Spring Data JPA repositories in DEFAULT mode.
2023-04-27T20:32:48.635-07:00  INFO 81416 --- [           main] .s.d.r.c.RepositoryConfigurationDelegate : Finished Spring Data repository scanning in 3 ms. Found 3 JPA repository interfaces.
2023-04-27T20:32:48.678-07:00  INFO 81416 --- [           main] o.s.b.w.embedded.tomcat.TomcatWebServer  : Tomcat initialized with port(s): 8080 (https)
2023-04-27T20:32:48.679-07:00  INFO 81416 --- [           main] o.apache.catalina.core.StandardService   : Starting service [Tomcat]
2023-04-27T20:32:48.679-07:00  INFO 81416 --- [           main] o.apache.catalina.core.StandardEngine    : Starting Servlet engine: [Apache Tomcat/10.1.5]
2023-04-27T20:32:48.698-07:00  INFO 81416 --- [           main] o.a.c.c.C.[Tomcat-15].[localhost].[/]    : Initializing Spring embedded WebApplicationContext
2023-04-27T20:32:48.699-07:00  INFO 81416 --- [           main] w.s.c.ServletWebServerApplicationContext : Root WebApplicationContext: initialization completed in 112 ms
2023-04-27T20:32:48.704-07:00  INFO 81416 --- [           main] com.zaxxer.hikari.HikariDataSource       : HikariPool-17 - Starting...
2023-04-27T20:32:48.705-07:00  INFO 81416 --- [           main] com.zaxxer.hikari.pool.HikariPool        : HikariPool-17 - Added connection conn117: url=jdbc:h2:mem:testdb user=SA
2023-04-27T20:32:48.705-07:00  INFO 81416 --- [           main] com.zaxxer.hikari.HikariDataSource       : HikariPool-17 - Start completed.
2023-04-27T20:32:48.705-07:00  INFO 81416 --- [           main] o.s.b.a.h2.H2ConsoleAutoConfiguration    : H2 console available at '/h2-console'. Database available at 'jdbc:h2:mem:testdb'
2023-04-27T20:32:48.718-07:00  INFO 81416 --- [           main] o.hibernate.jpa.internal.util.LogHelper  : HHH000204: Processing PersistenceUnitInfo [name: default]
2023-04-27T20:32:48.719-07:00  WARN 81416 --- [           main] org.hibernate.orm.deprecation            : HHH90000021: Encountered deprecated setting [javax.persistence.sharedCache.mode], use [jakarta.persistence.sharedCache.mode] instead
2023-04-27T20:32:48.722-07:00  INFO 81416 --- [           main] SQL dialect                              : HHH000400: Using dialect: org.hibernate.dialect.H2Dialect
2023-04-27T20:32:48.765-07:00  INFO 81416 --- [           main] o.h.e.t.j.p.i.JtaPlatformInitiator       : HHH000490: Using JtaPlatform implementation: [org.hibernate.engine.transaction.jta.platform.internal.NoJtaPlatform]
2023-04-27T20:32:48.765-07:00  INFO 81416 --- [           main] j.LocalContainerEntityManagerFactoryBean : Initialized JPA EntityManagerFactory for persistence unit 'default'
2023-04-27T20:32:48.801-07:00  WARN 81416 --- [           main] JpaBaseConfiguration$JpaWebConfiguration : spring.jpa.open-in-view is enabled by default. Therefore, database queries may be performed during view rendering. Explicitly configure spring.jpa.open-in-view to disable this warning
2023-04-27T20:32:48.824-07:00  INFO 81416 --- [           main] o.s.b.a.w.s.WelcomePageHandlerMapping    : Adding welcome page: class path resource [public/index.html]
2023-04-27T20:32:48.849-07:00  WARN 81416 --- [           main] ConfigServletWebServerApplicationContext : Exception encountered during context initialization - cancelling refresh attempt: org.springframework.context.ApplicationContextException: Failed to start bean 'webServerStartStop'
2023-04-27T20:32:48.850-07:00  INFO 81416 --- [           main] j.LocalContainerEntityManagerFactoryBean : Closing JPA EntityManagerFactory for persistence unit 'default'
2023-04-27T20:32:48.850-07:00  INFO 81416 --- [           main] .SchemaDropperImpl$DelayedDropActionImpl : HHH000477: Starting delayed evictData of schema as part of SessionFactory shut-down'
2023-04-27T20:32:48.852-07:00  INFO 81416 --- [           main] com.zaxxer.hikari.HikariDataSource       : HikariPool-17 - Shutdown initiated...
2023-04-27T20:32:48.858-07:00  INFO 81416 --- [           main] com.zaxxer.hikari.HikariDataSource       : HikariPool-17 - Shutdown completed.
2023-04-27T20:32:48.860-07:00  INFO 81416 --- [           main] o.apache.catalina.core.StandardService   : Stopping service [Tomcat]
2023-04-27T20:32:48.865-07:00  INFO 81416 --- [           main] .s.b.a.l.ConditionEvaluationReportLogger : 

Error starting ApplicationContext. To display the condition evaluation report re-run your application with 'debug' enabled.
2023-04-27T20:32:48.866-07:00 ERROR 81416 --- [           main] o.s.b.d.LoggingFailureAnalysisReporter   : 

***************************
APPLICATION FAILED TO START
***************************

Description:

Web server failed to start. Port 8080 was already in use.

Action:

Identify and stop the process that's listening on port 8080 or configure this application to listen on another port.

]]></system-out>
    <system-err><![CDATA[


============================
CONDITIONS EVALUATION REPORT
============================


Positive matches:
-----------------

    None


Negative matches:
-----------------

    None


Exclusions:
-----------

    None


Unconditional classes:
----------------------

    None



]]></system-err>
  </testcase>
</testsuite>